mode: atomic
github.com/abulo/ratel/elasticsearch/sqlparser/dependency/hack/hack.go:34.44,41.2 6 1
github.com/abulo/ratel/elasticsearch/sqlparser/dependency/hack/hack.go:45.51,46.17 1 5
github.com/abulo/ratel/elasticsearch/sqlparser/dependency/hack/hack.go:49.2,49.38 1 4
github.com/abulo/ratel/elasticsearch/sqlparser/dependency/hack/hack.go:52.2,54.37 3 3
github.com/abulo/ratel/elasticsearch/sqlparser/dependency/hack/hack.go:46.17,48.3 1 1
github.com/abulo/ratel/elasticsearch/sqlparser/dependency/hack/hack.go:49.38,51.3 1 1
github.com/abulo/ratel/elasticsearch/sqlparser/dependency/hack/hack.go:58.40,60.2 1 5
github.com/abulo/ratel/elasticsearch/sqlparser/dependency/hack/hack.go:64.34,65.17 1 3
github.com/abulo/ratel/elasticsearch/sqlparser/dependency/hack/hack.go:68.2,72.8 5 1
github.com/abulo/ratel/elasticsearch/sqlparser/dependency/hack/hack.go:65.17,67.3 1 2
github.com/abulo/ratel/elasticsearch/sqlparser/dependency/hack/hack.go:76.45,79.2 2 0
github.com/abulo/ratel/elasticsearch/sqlparser/dependency/sqltypes/bind_variables.go:32.43,34.2 1 1
github.com/abulo/ratel/elasticsearch/sqlparser/dependency/sqltypes/bind_variables.go:37.43,39.2 1 1
github.com/abulo/ratel/elasticsearch/sqlparser/dependency/sqltypes/bind_variables.go:42.94,43.18 1 3
github.com/abulo/ratel/elasticsearch/sqlparser/dependency/sqltypes/bind_variables.go:47.2,48.23 2 2
github.com/abulo/ratel/elasticsearch/sqlparser/dependency/sqltypes/bind_variables.go:55.2,55.17 1 1
github.com/abulo/ratel/elasticsearch/sqlparser/dependency/sqltypes/bind_variables.go:43.18,45.3 1 1
github.com/abulo/ratel/elasticsearch/sqlparser/dependency/sqltypes/bind_variables.go:48.23,50.17 2 2
github.com/abulo/ratel/elasticsearch/sqlparser/dependency/sqltypes/bind_variables.go:53.3,53.14 1 1
github.com/abulo/ratel/elasticsearch/sqlparser/dependency/sqltypes/bind_variables.go:50.17,52.4 1 1
github.com/abulo/ratel/elasticsearch/sqlparser/dependency/sqltypes/bind_variables.go:59.55,61.2 1 0
github.com/abulo/ratel/elasticsearch/sqlparser/dependency/sqltypes/bind_variables.go:64.55,66.2 1 8
github.com/abulo/ratel/elasticsearch/sqlparser/dependency/sqltypes/bind_variables.go:69.57,71.2 1 1
github.com/abulo/ratel/elasticsearch/sqlparser/dependency/sqltypes/bind_variables.go:74.59,76.2 1 1
github.com/abulo/ratel/elasticsearch/sqlparser/dependency/sqltypes/bind_variables.go:79.57,81.2 1 5
github.com/abulo/ratel/elasticsearch/sqlparser/dependency/sqltypes/bind_variables.go:84.56,86.2 1 1
github.com/abulo/ratel/elasticsearch/sqlparser/dependency/sqltypes/bind_variables.go:89.55,91.2 1 16
github.com/abulo/ratel/elasticsearch/sqlparser/dependency/sqltypes/bind_variables.go:94.70,95.23 1 33
github.com/abulo/ratel/elasticsearch/sqlparser/dependency/sqltypes/bind_variables.go:206.2,206.71 1 3
github.com/abulo/ratel/elasticsearch/sqlparser/dependency/sqltypes/bind_variables.go:96.14,97.36 1 5
github.com/abulo/ratel/elasticsearch/sqlparser/dependency/sqltypes/bind_variables.go:98.14,99.35 1 1
github.com/abulo/ratel/elasticsearch/sqlparser/dependency/sqltypes/bind_variables.go:100.11,104.9 1 5
github.com/abulo/ratel/elasticsearch/sqlparser/dependency/sqltypes/bind_variables.go:105.13,106.35 1 3
github.com/abulo/ratel/elasticsearch/sqlparser/dependency/sqltypes/bind_variables.go:107.14,108.36 1 1
github.com/abulo/ratel/elasticsearch/sqlparser/dependency/sqltypes/bind_variables.go:109.15,110.37 1 1
github.com/abulo/ratel/elasticsearch/sqlparser/dependency/sqltypes/bind_variables.go:111.11,112.31 1 1
github.com/abulo/ratel/elasticsearch/sqlparser/dependency/sqltypes/bind_variables.go:113.13,114.35 1 1
github.com/abulo/ratel/elasticsearch/sqlparser/dependency/sqltypes/bind_variables.go:115.29,116.16 1 1
github.com/abulo/ratel/elasticsearch/sqlparser/dependency/sqltypes/bind_variables.go:117.21,123.24 3 5
github.com/abulo/ratel/elasticsearch/sqlparser/dependency/sqltypes/bind_variables.go:132.3,132.17 1 4
github.com/abulo/ratel/elasticsearch/sqlparser/dependency/sqltypes/bind_variables.go:133.16,139.24 3 1
github.com/abulo/ratel/elasticsearch/sqlparser/dependency/sqltypes/bind_variables.go:144.3,144.17 1 1
github.com/abulo/ratel/elasticsearch/sqlparser/dependency/sqltypes/bind_variables.go:145.16,151.24 3 1
github.com/abulo/ratel/elasticsearch/sqlparser/dependency/sqltypes/bind_variables.go:156.3,156.17 1 1
github.com/abulo/ratel/elasticsearch/sqlparser/dependency/sqltypes/bind_variables.go:157.13,163.24 3 1
github.com/abulo/ratel/elasticsearch/sqlparser/dependency/sqltypes/bind_variables.go:168.3,168.17 1 1
github.com/abulo/ratel/elasticsearch/sqlparser/dependency/sqltypes/bind_variables.go:169.15,175.24 3 1
github.com/abulo/ratel/elasticsearch/sqlparser/dependency/sqltypes/bind_variables.go:180.3,180.17 1 1
github.com/abulo/ratel/elasticsearch/sqlparser/dependency/sqltypes/bind_variables.go:181.16,187.24 3 1
github.com/abulo/ratel/elasticsearch/sqlparser/dependency/sqltypes/bind_variables.go:192.3,192.17 1 1
github.com/abulo/ratel/elasticsearch/sqlparser/dependency/sqltypes/bind_variables.go:193.17,199.24 3 1
github.com/abulo/ratel/elasticsearch/sqlparser/dependency/sqltypes/bind_variables.go:204.3,204.17 1 1
github.com/abulo/ratel/elasticsearch/sqlparser/dependency/sqltypes/bind_variables.go:123.24,125.18 2 10
github.com/abulo/ratel/elasticsearch/sqlparser/dependency/sqltypes/bind_variables.go:128.4,130.29 3 9
github.com/abulo/ratel/elasticsearch/sqlparser/dependency/sqltypes/bind_variables.go:125.18,127.5 1 1
github.com/abulo/ratel/elasticsearch/sqlparser/dependency/sqltypes/bind_variables.go:139.24,143.4 3 2
github.com/abulo/ratel/elasticsearch/sqlparser/dependency/sqltypes/bind_variables.go:151.24,155.4 3 2
github.com/abulo/ratel/elasticsearch/sqlparser/dependency/sqltypes/bind_variables.go:163.24,167.4 3 2
github.com/abulo/ratel/elasticsearch/sqlparser/dependency/sqltypes/bind_variables.go:175.24,179.4 3 2
github.com/abulo/ratel/elasticsearch/sqlparser/dependency/sqltypes/bind_variables.go:187.24,191.4 3 2
github.com/abulo/ratel/elasticsearch/sqlparser/dependency/sqltypes/bind_variables.go:199.24,203.4 3 2
github.com/abulo/ratel/elasticsearch/sqlparser/dependency/sqltypes/bind_variables.go:210.71,211.23 1 3
github.com/abulo/ratel/elasticsearch/sqlparser/dependency/sqltypes/bind_variables.go:216.2,216.12 1 1
github.com/abulo/ratel/elasticsearch/sqlparser/dependency/sqltypes/bind_variables.go:211.23,212.49 1 3
github.com/abulo/ratel/elasticsearch/sqlparser/dependency/sqltypes/bind_variables.go:212.49,214.4 1 2
github.com/abulo/ratel/elasticsearch/sqlparser/dependency/sqltypes/bind_variables.go:221.59,222.15 1 42
github.com/abulo/ratel/elasticsearch/sqlparser/dependency/sqltypes/bind_variables.go:226.2,226.35 1 41
github.com/abulo/ratel/elasticsearch/sqlparser/dependency/sqltypes/bind_variables.go:242.2,243.12 2 37
github.com/abulo/ratel/elasticsearch/sqlparser/dependency/sqltypes/bind_variables.go:222.15,224.3 1 1
github.com/abulo/ratel/elasticsearch/sqlparser/dependency/sqltypes/bind_variables.go:226.35,227.26 1 4
github.com/abulo/ratel/elasticsearch/sqlparser/dependency/sqltypes/bind_variables.go:230.3,230.33 1 3
github.com/abulo/ratel/elasticsearch/sqlparser/dependency/sqltypes/bind_variables.go:238.3,238.13 1 1
github.com/abulo/ratel/elasticsearch/sqlparser/dependency/sqltypes/bind_variables.go:227.26,229.4 1 1
github.com/abulo/ratel/elasticsearch/sqlparser/dependency/sqltypes/bind_variables.go:230.33,231.38 1 3
github.com/abulo/ratel/elasticsearch/sqlparser/dependency/sqltypes/bind_variables.go:234.4,234.104 1 2
github.com/abulo/ratel/elasticsearch/sqlparser/dependency/sqltypes/bind_variables.go:231.38,233.5 1 1
github.com/abulo/ratel/elasticsearch/sqlparser/dependency/sqltypes/bind_variables.go:234.104,236.5 1 1
github.com/abulo/ratel/elasticsearch/sqlparser/dependency/sqltypes/bind_variables.go:247.67,248.35 1 2
github.com/abulo/ratel/elasticsearch/sqlparser/dependency/sqltypes/bind_variables.go:251.2,251.44 1 1
github.com/abulo/ratel/elasticsearch/sqlparser/dependency/sqltypes/bind_variables.go:248.35,250.3 1 1
github.com/abulo/ratel/elasticsearch/sqlparser/dependency/sqltypes/bind_variables.go:255.69,257.2 1 4
github.com/abulo/ratel/elasticsearch/sqlparser/dependency/sqltypes/bind_variables.go:260.105,262.40 2 0
github.com/abulo/ratel/elasticsearch/sqlparser/dependency/sqltypes/bind_variables.go:265.2,265.15 1 0
github.com/abulo/ratel/elasticsearch/sqlparser/dependency/sqltypes/bind_variables.go:262.40,264.3 1 0
github.com/abulo/ratel/elasticsearch/sqlparser/dependency/sqltypes/plan_value.go:67.35,69.2 1 5
github.com/abulo/ratel/elasticsearch/sqlparser/dependency/sqltypes/plan_value.go:72.35,74.2 1 5
github.com/abulo/ratel/elasticsearch/sqlparser/dependency/sqltypes/plan_value.go:77.92,78.9 1 22
github.com/abulo/ratel/elasticsearch/sqlparser/dependency/sqltypes/plan_value.go:92.2,92.18 1 1
github.com/abulo/ratel/elasticsearch/sqlparser/dependency/sqltypes/plan_value.go:79.20,81.17 2 7
github.com/abulo/ratel/elasticsearch/sqlparser/dependency/sqltypes/plan_value.go:84.3,84.45 1 3
github.com/abulo/ratel/elasticsearch/sqlparser/dependency/sqltypes/plan_value.go:85.26,86.23 1 13
github.com/abulo/ratel/elasticsearch/sqlparser/dependency/sqltypes/plan_value.go:87.44,90.83 1 1
github.com/abulo/ratel/elasticsearch/sqlparser/dependency/sqltypes/plan_value.go:81.17,83.4 1 4
github.com/abulo/ratel/elasticsearch/sqlparser/dependency/sqltypes/plan_value.go:95.107,97.9 2 11
github.com/abulo/ratel/elasticsearch/sqlparser/dependency/sqltypes/plan_value.go:100.2,100.35 1 7
github.com/abulo/ratel/elasticsearch/sqlparser/dependency/sqltypes/plan_value.go:103.2,103.16 1 6
github.com/abulo/ratel/elasticsearch/sqlparser/dependency/sqltypes/plan_value.go:97.9,99.3 1 4
github.com/abulo/ratel/elasticsearch/sqlparser/dependency/sqltypes/plan_value.go:100.35,102.3 1 1
github.com/abulo/ratel/elasticsearch/sqlparser/dependency/sqltypes/plan_value.go:107.93,108.9 1 7
github.com/abulo/ratel/elasticsearch/sqlparser/dependency/sqltypes/plan_value.go:132.2,132.81 1 1
github.com/abulo/ratel/elasticsearch/sqlparser/dependency/sqltypes/plan_value.go:109.24,111.17 2 3
github.com/abulo/ratel/elasticsearch/sqlparser/dependency/sqltypes/plan_value.go:114.3,115.33 2 1
github.com/abulo/ratel/elasticsearch/sqlparser/dependency/sqltypes/plan_value.go:118.3,118.21 1 1
github.com/abulo/ratel/elasticsearch/sqlparser/dependency/sqltypes/plan_value.go:119.24,121.33 2 3
github.com/abulo/ratel/elasticsearch/sqlparser/dependency/sqltypes/plan_value.go:128.3,128.21 1 2
github.com/abulo/ratel/elasticsearch/sqlparser/dependency/sqltypes/plan_value.go:111.17,113.4 1 2
github.com/abulo/ratel/elasticsearch/sqlparser/dependency/sqltypes/plan_value.go:115.33,117.4 1 2
github.com/abulo/ratel/elasticsearch/sqlparser/dependency/sqltypes/plan_value.go:121.33,123.18 2 5
github.com/abulo/ratel/elasticsearch/sqlparser/dependency/sqltypes/plan_value.go:126.4,126.30 1 4
github.com/abulo/ratel/elasticsearch/sqlparser/dependency/sqltypes/plan_value.go:123.18,125.5 1 1
github.com/abulo/ratel/elasticsearch/sqlparser/dependency/sqltypes/plan_value.go:135.106,137.9 2 12
github.com/abulo/ratel/elasticsearch/sqlparser/dependency/sqltypes/plan_value.go:140.2,140.35 1 10
github.com/abulo/ratel/elasticsearch/sqlparser/dependency/sqltypes/plan_value.go:143.2,143.16 1 9
github.com/abulo/ratel/elasticsearch/sqlparser/dependency/sqltypes/plan_value.go:137.9,139.3 1 2
github.com/abulo/ratel/elasticsearch/sqlparser/dependency/sqltypes/plan_value.go:140.35,142.3 1 1
github.com/abulo/ratel/elasticsearch/sqlparser/dependency/sqltypes/plan_value.go:147.51,148.9 1 0
github.com/abulo/ratel/elasticsearch/sqlparser/dependency/sqltypes/plan_value.go:161.2,161.28 1 0
github.com/abulo/ratel/elasticsearch/sqlparser/dependency/sqltypes/plan_value.go:149.20,150.36 1 0
github.com/abulo/ratel/elasticsearch/sqlparser/dependency/sqltypes/plan_value.go:151.26,152.28 1 0
github.com/abulo/ratel/elasticsearch/sqlparser/dependency/sqltypes/plan_value.go:155.3,155.43 1 0
github.com/abulo/ratel/elasticsearch/sqlparser/dependency/sqltypes/plan_value.go:156.24,157.41 1 0
github.com/abulo/ratel/elasticsearch/sqlparser/dependency/sqltypes/plan_value.go:158.24,159.33 1 0
github.com/abulo/ratel/elasticsearch/sqlparser/dependency/sqltypes/plan_value.go:152.28,154.4 1 0
github.com/abulo/ratel/elasticsearch/sqlparser/dependency/sqltypes/plan_value.go:164.88,166.32 2 14
github.com/abulo/ratel/elasticsearch/sqlparser/dependency/sqltypes/plan_value.go:178.2,178.25 1 14
github.com/abulo/ratel/elasticsearch/sqlparser/dependency/sqltypes/plan_value.go:197.2,197.17 1 11
github.com/abulo/ratel/elasticsearch/sqlparser/dependency/sqltypes/plan_value.go:208.2,208.19 1 7
github.com/abulo/ratel/elasticsearch/sqlparser/dependency/sqltypes/plan_value.go:166.32,167.16 1 13
github.com/abulo/ratel/elasticsearch/sqlparser/dependency/sqltypes/plan_value.go:168.11,170.14 2 9
github.com/abulo/ratel/elasticsearch/sqlparser/dependency/sqltypes/plan_value.go:171.10,172.14 1 2
github.com/abulo/ratel/elasticsearch/sqlparser/dependency/sqltypes/plan_value.go:173.11,174.60 1 2
github.com/abulo/ratel/elasticsearch/sqlparser/dependency/sqltypes/plan_value.go:178.25,179.10 1 22
github.com/abulo/ratel/elasticsearch/sqlparser/dependency/sqltypes/plan_value.go:180.43,181.12 1 7
github.com/abulo/ratel/elasticsearch/sqlparser/dependency/sqltypes/plan_value.go:182.25,183.51 1 8
github.com/abulo/ratel/elasticsearch/sqlparser/dependency/sqltypes/plan_value.go:186.25,188.18 2 6
github.com/abulo/ratel/elasticsearch/sqlparser/dependency/sqltypes/plan_value.go:191.4,191.51 1 5
github.com/abulo/ratel/elasticsearch/sqlparser/dependency/sqltypes/plan_value.go:183.51,185.5 1 1
github.com/abulo/ratel/elasticsearch/sqlparser/dependency/sqltypes/plan_value.go:188.18,190.5 1 1
github.com/abulo/ratel/elasticsearch/sqlparser/dependency/sqltypes/plan_value.go:191.51,193.5 1 1
github.com/abulo/ratel/elasticsearch/sqlparser/dependency/sqltypes/plan_value.go:197.17,207.3 1 4
github.com/abulo/ratel/elasticsearch/sqlparser/dependency/sqltypes/plan_value.go:212.97,214.16 2 14
github.com/abulo/ratel/elasticsearch/sqlparser/dependency/sqltypes/plan_value.go:219.2,220.22 2 11
github.com/abulo/ratel/elasticsearch/sqlparser/dependency/sqltypes/plan_value.go:225.2,225.25 1 11
github.com/abulo/ratel/elasticsearch/sqlparser/dependency/sqltypes/plan_value.go:258.2,258.18 1 9
github.com/abulo/ratel/elasticsearch/sqlparser/dependency/sqltypes/plan_value.go:214.16,216.3 1 3
github.com/abulo/ratel/elasticsearch/sqlparser/dependency/sqltypes/plan_value.go:220.22,222.3 1 17
github.com/abulo/ratel/elasticsearch/sqlparser/dependency/sqltypes/plan_value.go:225.25,226.10 1 17
github.com/abulo/ratel/elasticsearch/sqlparser/dependency/sqltypes/plan_value.go:227.21,229.18 2 4
github.com/abulo/ratel/elasticsearch/sqlparser/dependency/sqltypes/plan_value.go:232.4,232.24 1 3
github.com/abulo/ratel/elasticsearch/sqlparser/dependency/sqltypes/plan_value.go:235.27,236.24 1 3
github.com/abulo/ratel/elasticsearch/sqlparser/dependency/sqltypes/plan_value.go:239.25,241.18 2 3
github.com/abulo/ratel/elasticsearch/sqlparser/dependency/sqltypes/plan_value.go:245.4,245.24 1 3
github.com/abulo/ratel/elasticsearch/sqlparser/dependency/sqltypes/plan_value.go:248.25,249.24 1 6
github.com/abulo/ratel/elasticsearch/sqlparser/dependency/sqltypes/plan_value.go:229.18,231.5 1 1
github.com/abulo/ratel/elasticsearch/sqlparser/dependency/sqltypes/plan_value.go:232.24,234.5 1 5
github.com/abulo/ratel/elasticsearch/sqlparser/dependency/sqltypes/plan_value.go:236.24,238.5 1 5
github.com/abulo/ratel/elasticsearch/sqlparser/dependency/sqltypes/plan_value.go:241.18,244.5 1 0
github.com/abulo/ratel/elasticsearch/sqlparser/dependency/sqltypes/plan_value.go:245.24,247.5 1 6
github.com/abulo/ratel/elasticsearch/sqlparser/dependency/sqltypes/plan_value.go:249.24,251.19 2 11
github.com/abulo/ratel/elasticsearch/sqlparser/dependency/sqltypes/plan_value.go:251.19,253.6 1 1
github.com/abulo/ratel/elasticsearch/sqlparser/dependency/sqltypes/testing.go:115.60,116.14 1 3
github.com/abulo/ratel/elasticsearch/sqlparser/dependency/sqltypes/testing.go:119.2,120.16 2 3
github.com/abulo/ratel/elasticsearch/sqlparser/dependency/sqltypes/testing.go:123.2,123.11 1 3
github.com/abulo/ratel/elasticsearch/sqlparser/dependency/sqltypes/testing.go:116.14,118.3 1 0
github.com/abulo/ratel/elasticsearch/sqlparser/dependency/sqltypes/testing.go:120.16,121.13 1 0
github.com/abulo/ratel/elasticsearch/sqlparser/dependency/sqltypes/testing.go:128.52,130.2 1 44
github.com/abulo/ratel/elasticsearch/sqlparser/dependency/sqltypes/type.go:43.38,45.2 1 15
github.com/abulo/ratel/elasticsearch/sqlparser/dependency/sqltypes/type.go:49.36,51.2 1 105
github.com/abulo/ratel/elasticsearch/sqlparser/dependency/sqltypes/type.go:56.38,58.2 1 87
github.com/abulo/ratel/elasticsearch/sqlparser/dependency/sqltypes/type.go:62.35,64.2 1 71
github.com/abulo/ratel/elasticsearch/sqlparser/dependency/sqltypes/type.go:68.36,70.2 1 69
github.com/abulo/ratel/elasticsearch/sqlparser/dependency/sqltypes/type.go:74.34,76.2 1 3
github.com/abulo/ratel/elasticsearch/sqlparser/dependency/sqltypes/type.go:80.36,82.2 1 3
github.com/abulo/ratel/elasticsearch/sqlparser/dependency/sqltypes/type.go:85.36,87.2 1 1
github.com/abulo/ratel/elasticsearch/sqlparser/dependency/sqltypes/type.go:186.61,187.13 1 35
github.com/abulo/ratel/elasticsearch/sqlparser/dependency/sqltypes/type.go:235.2,235.12 1 12
github.com/abulo/ratel/elasticsearch/sqlparser/dependency/sqltypes/type.go:188.12,189.31 1 2
github.com/abulo/ratel/elasticsearch/sqlparser/dependency/sqltypes/type.go:192.3,192.14 1 1
github.com/abulo/ratel/elasticsearch/sqlparser/dependency/sqltypes/type.go:193.13,194.31 1 2
github.com/abulo/ratel/elasticsearch/sqlparser/dependency/sqltypes/type.go:197.3,197.15 1 1
github.com/abulo/ratel/elasticsearch/sqlparser/dependency/sqltypes/type.go:198.13,199.31 1 2
github.com/abulo/ratel/elasticsearch/sqlparser/dependency/sqltypes/type.go:202.3,202.15 1 1
github.com/abulo/ratel/elasticsearch/sqlparser/dependency/sqltypes/type.go:203.13,204.31 1 3
github.com/abulo/ratel/elasticsearch/sqlparser/dependency/sqltypes/type.go:207.3,207.15 1 1
github.com/abulo/ratel/elasticsearch/sqlparser/dependency/sqltypes/type.go:208.13,209.31 1 2
github.com/abulo/ratel/elasticsearch/sqlparser/dependency/sqltypes/type.go:212.3,212.15 1 1
github.com/abulo/ratel/elasticsearch/sqlparser/dependency/sqltypes/type.go:213.12,214.29 1 6
github.com/abulo/ratel/elasticsearch/sqlparser/dependency/sqltypes/type.go:217.3,217.14 1 4
github.com/abulo/ratel/elasticsearch/sqlparser/dependency/sqltypes/type.go:218.15,219.29 1 2
github.com/abulo/ratel/elasticsearch/sqlparser/dependency/sqltypes/type.go:222.3,222.17 1 1
github.com/abulo/ratel/elasticsearch/sqlparser/dependency/sqltypes/type.go:223.12,224.29 1 4
github.com/abulo/ratel/elasticsearch/sqlparser/dependency/sqltypes/type.go:227.3,227.27 1 3
github.com/abulo/ratel/elasticsearch/sqlparser/dependency/sqltypes/type.go:230.3,230.26 1 2
github.com/abulo/ratel/elasticsearch/sqlparser/dependency/sqltypes/type.go:233.3,233.14 1 1
github.com/abulo/ratel/elasticsearch/sqlparser/dependency/sqltypes/type.go:189.31,191.4 1 1
github.com/abulo/ratel/elasticsearch/sqlparser/dependency/sqltypes/type.go:194.31,196.4 1 1
github.com/abulo/ratel/elasticsearch/sqlparser/dependency/sqltypes/type.go:199.31,201.4 1 1
github.com/abulo/ratel/elasticsearch/sqlparser/dependency/sqltypes/type.go:204.31,206.4 1 2
github.com/abulo/ratel/elasticsearch/sqlparser/dependency/sqltypes/type.go:209.31,211.4 1 1
github.com/abulo/ratel/elasticsearch/sqlparser/dependency/sqltypes/type.go:214.29,216.4 1 2
github.com/abulo/ratel/elasticsearch/sqlparser/dependency/sqltypes/type.go:219.29,221.4 1 1
github.com/abulo/ratel/elasticsearch/sqlparser/dependency/sqltypes/type.go:224.29,226.4 1 1
github.com/abulo/ratel/elasticsearch/sqlparser/dependency/sqltypes/type.go:227.27,229.4 1 1
github.com/abulo/ratel/elasticsearch/sqlparser/dependency/sqltypes/type.go:230.26,232.4 1 1
github.com/abulo/ratel/elasticsearch/sqlparser/dependency/sqltypes/type.go:239.72,241.9 2 36
github.com/abulo/ratel/elasticsearch/sqlparser/dependency/sqltypes/type.go:244.2,244.39 1 35
github.com/abulo/ratel/elasticsearch/sqlparser/dependency/sqltypes/type.go:241.9,243.3 1 1
github.com/abulo/ratel/elasticsearch/sqlparser/dependency/sqltypes/type.go:285.61,288.2 2 2
github.com/abulo/ratel/elasticsearch/sqlparser/dependency/sqltypes/value.go:60.66,61.9 1 71
github.com/abulo/ratel/elasticsearch/sqlparser/dependency/sqltypes/value.go:81.2,81.74 1 2
github.com/abulo/ratel/elasticsearch/sqlparser/dependency/sqltypes/value.go:62.21,63.65 1 18
github.com/abulo/ratel/elasticsearch/sqlparser/dependency/sqltypes/value.go:66.3,66.36 1 12
github.com/abulo/ratel/elasticsearch/sqlparser/dependency/sqltypes/value.go:67.23,68.66 1 16
github.com/abulo/ratel/elasticsearch/sqlparser/dependency/sqltypes/value.go:71.3,71.36 1 12
github.com/abulo/ratel/elasticsearch/sqlparser/dependency/sqltypes/value.go:72.38,73.64 1 8
github.com/abulo/ratel/elasticsearch/sqlparser/dependency/sqltypes/value.go:76.3,76.36 1 6
github.com/abulo/ratel/elasticsearch/sqlparser/dependency/sqltypes/value.go:77.36,78.36 1 27
github.com/abulo/ratel/elasticsearch/sqlparser/dependency/sqltypes/value.go:63.65,65.4 1 6
github.com/abulo/ratel/elasticsearch/sqlparser/dependency/sqltypes/value.go:68.66,70.4 1 4
github.com/abulo/ratel/elasticsearch/sqlparser/dependency/sqltypes/value.go:73.64,75.4 1 2
github.com/abulo/ratel/elasticsearch/sqlparser/dependency/sqltypes/value.go:91.54,92.17 1 157
github.com/abulo/ratel/elasticsearch/sqlparser/dependency/sqltypes/value.go:95.2,95.34 1 155
github.com/abulo/ratel/elasticsearch/sqlparser/dependency/sqltypes/value.go:92.17,94.3 1 2
github.com/abulo/ratel/elasticsearch/sqlparser/dependency/sqltypes/value.go:99.30,101.2 1 9
github.com/abulo/ratel/elasticsearch/sqlparser/dependency/sqltypes/value.go:104.30,106.2 1 1
github.com/abulo/ratel/elasticsearch/sqlparser/dependency/sqltypes/value.go:109.32,111.2 1 2
github.com/abulo/ratel/elasticsearch/sqlparser/dependency/sqltypes/value.go:114.34,116.2 1 2
github.com/abulo/ratel/elasticsearch/sqlparser/dependency/sqltypes/value.go:119.33,121.2 1 6
github.com/abulo/ratel/elasticsearch/sqlparser/dependency/sqltypes/value.go:125.35,127.2 1 3
github.com/abulo/ratel/elasticsearch/sqlparser/dependency/sqltypes/value.go:131.51,133.16 2 4
github.com/abulo/ratel/elasticsearch/sqlparser/dependency/sqltypes/value.go:136.2,137.16 2 2
github.com/abulo/ratel/elasticsearch/sqlparser/dependency/sqltypes/value.go:140.2,140.72 1 1
github.com/abulo/ratel/elasticsearch/sqlparser/dependency/sqltypes/value.go:133.16,135.3 1 2
github.com/abulo/ratel/elasticsearch/sqlparser/dependency/sqltypes/value.go:137.16,139.3 1 1
github.com/abulo/ratel/elasticsearch/sqlparser/dependency/sqltypes/value.go:148.57,149.31 1 7
github.com/abulo/ratel/elasticsearch/sqlparser/dependency/sqltypes/value.go:150.11,151.19 1 1
github.com/abulo/ratel/elasticsearch/sqlparser/dependency/sqltypes/value.go:152.14,153.44 1 1
github.com/abulo/ratel/elasticsearch/sqlparser/dependency/sqltypes/value.go:154.13,155.30 1 1
github.com/abulo/ratel/elasticsearch/sqlparser/dependency/sqltypes/value.go:156.14,157.31 1 1
github.com/abulo/ratel/elasticsearch/sqlparser/dependency/sqltypes/value.go:158.15,159.32 1 1
github.com/abulo/ratel/elasticsearch/sqlparser/dependency/sqltypes/value.go:160.14,161.32 1 1
github.com/abulo/ratel/elasticsearch/sqlparser/dependency/sqltypes/value.go:162.10,163.66 1 1
github.com/abulo/ratel/elasticsearch/sqlparser/dependency/sqltypes/value.go:168.36,170.2 1 1
github.com/abulo/ratel/elasticsearch/sqlparser/dependency/sqltypes/value.go:174.29,176.2 1 7
github.com/abulo/ratel/elasticsearch/sqlparser/dependency/sqltypes/value.go:182.33,183.25 1 4
github.com/abulo/ratel/elasticsearch/sqlparser/dependency/sqltypes/value.go:186.2,186.14 1 3
github.com/abulo/ratel/elasticsearch/sqlparser/dependency/sqltypes/value.go:183.25,185.3 1 1
github.com/abulo/ratel/elasticsearch/sqlparser/dependency/sqltypes/value.go:190.26,192.2 1 1
github.com/abulo/ratel/elasticsearch/sqlparser/dependency/sqltypes/value.go:196.34,197.25 1 5
github.com/abulo/ratel/elasticsearch/sqlparser/dependency/sqltypes/value.go:200.2,200.27 1 4
github.com/abulo/ratel/elasticsearch/sqlparser/dependency/sqltypes/value.go:197.25,199.3 1 1
github.com/abulo/ratel/elasticsearch/sqlparser/dependency/sqltypes/value.go:204.32,205.19 1 0
github.com/abulo/ratel/elasticsearch/sqlparser/dependency/sqltypes/value.go:208.2,208.18 1 0
github.com/abulo/ratel/elasticsearch/sqlparser/dependency/sqltypes/value.go:211.2,211.44 1 0
github.com/abulo/ratel/elasticsearch/sqlparser/dependency/sqltypes/value.go:205.19,207.3 1 0
github.com/abulo/ratel/elasticsearch/sqlparser/dependency/sqltypes/value.go:208.18,210.3 1 0
github.com/abulo/ratel/elasticsearch/sqlparser/dependency/sqltypes/value.go:215.39,216.9 1 4
github.com/abulo/ratel/elasticsearch/sqlparser/dependency/sqltypes/value.go:217.21,218.19 1 1
github.com/abulo/ratel/elasticsearch/sqlparser/dependency/sqltypes/value.go:219.20,220.27 1 2
github.com/abulo/ratel/elasticsearch/sqlparser/dependency/sqltypes/value.go:221.10,222.17 1 1
github.com/abulo/ratel/elasticsearch/sqlparser/dependency/sqltypes/value.go:227.41,228.9 1 4
github.com/abulo/ratel/elasticsearch/sqlparser/dependency/sqltypes/value.go:229.21,230.19 1 1
github.com/abulo/ratel/elasticsearch/sqlparser/dependency/sqltypes/value.go:231.20,232.29 1 2
github.com/abulo/ratel/elasticsearch/sqlparser/dependency/sqltypes/value.go:233.10,234.17 1 1
github.com/abulo/ratel/elasticsearch/sqlparser/dependency/sqltypes/value.go:239.30,241.2 1 51
github.com/abulo/ratel/elasticsearch/sqlparser/dependency/sqltypes/value.go:244.34,246.2 1 1
github.com/abulo/ratel/elasticsearch/sqlparser/dependency/sqltypes/value.go:249.32,251.2 1 1
github.com/abulo/ratel/elasticsearch/sqlparser/dependency/sqltypes/value.go:254.34,256.2 1 1
github.com/abulo/ratel/elasticsearch/sqlparser/dependency/sqltypes/value.go:259.31,261.2 1 1
github.com/abulo/ratel/elasticsearch/sqlparser/dependency/sqltypes/value.go:264.32,266.2 1 7
github.com/abulo/ratel/elasticsearch/sqlparser/dependency/sqltypes/value.go:269.30,271.2 1 1
github.com/abulo/ratel/elasticsearch/sqlparser/dependency/sqltypes/value.go:274.32,276.2 1 1
github.com/abulo/ratel/elasticsearch/sqlparser/dependency/sqltypes/value.go:280.46,281.9 1 0
github.com/abulo/ratel/elasticsearch/sqlparser/dependency/sqltypes/value.go:287.2,287.19 1 0
github.com/abulo/ratel/elasticsearch/sqlparser/dependency/sqltypes/value.go:282.20,283.36 1 0
github.com/abulo/ratel/elasticsearch/sqlparser/dependency/sqltypes/value.go:284.21,285.22 1 0
github.com/abulo/ratel/elasticsearch/sqlparser/dependency/sqltypes/value.go:292.47,293.17 1 0
github.com/abulo/ratel/elasticsearch/sqlparser/dependency/sqltypes/value.go:296.2,298.14 3 0
github.com/abulo/ratel/elasticsearch/sqlparser/dependency/sqltypes/value.go:314.2,314.16 1 0
github.com/abulo/ratel/elasticsearch/sqlparser/dependency/sqltypes/value.go:317.2,318.12 2 0
github.com/abulo/ratel/elasticsearch/sqlparser/dependency/sqltypes/value.go:293.17,295.3 1 0
github.com/abulo/ratel/elasticsearch/sqlparser/dependency/sqltypes/value.go:299.11,302.13 3 0
github.com/abulo/ratel/elasticsearch/sqlparser/dependency/sqltypes/value.go:303.11,306.13 3 0
github.com/abulo/ratel/elasticsearch/sqlparser/dependency/sqltypes/value.go:307.11,308.32 1 0
github.com/abulo/ratel/elasticsearch/sqlparser/dependency/sqltypes/value.go:309.10,312.13 3 0
github.com/abulo/ratel/elasticsearch/sqlparser/dependency/sqltypes/value.go:314.16,316.3 1 0
github.com/abulo/ratel/elasticsearch/sqlparser/dependency/sqltypes/value.go:321.46,324.25 3 2
github.com/abulo/ratel/elasticsearch/sqlparser/dependency/sqltypes/value.go:332.2,333.22 2 2
github.com/abulo/ratel/elasticsearch/sqlparser/dependency/sqltypes/value.go:324.25,325.65 1 12
github.com/abulo/ratel/elasticsearch/sqlparser/dependency/sqltypes/value.go:325.65,327.4 1 3
github.com/abulo/ratel/elasticsearch/sqlparser/dependency/sqltypes/value.go:327.9,330.4 2 9
github.com/abulo/ratel/elasticsearch/sqlparser/dependency/sqltypes/value.go:336.48,344.2 7 2
github.com/abulo/ratel/elasticsearch/sqlparser/dependency/sqltypes/value.go:365.13,366.30 1 1
github.com/abulo/ratel/elasticsearch/sqlparser/dependency/sqltypes/value.go:370.2,370.30 1 1
github.com/abulo/ratel/elasticsearch/sqlparser/dependency/sqltypes/value.go:366.30,369.3 2 256
github.com/abulo/ratel/elasticsearch/sqlparser/dependency/sqltypes/value.go:370.30,371.39 1 256
github.com/abulo/ratel/elasticsearch/sqlparser/dependency/sqltypes/value.go:371.39,374.4 2 9
github.com/abulo/ratel/elasticsearch/sqlparser/dependency/bytes2/buffer.go:30.34,32.2 1 1
github.com/abulo/ratel/elasticsearch/sqlparser/dependency/bytes2/buffer.go:35.49,38.2 2 1
github.com/abulo/ratel/elasticsearch/sqlparser/dependency/bytes2/buffer.go:41.55,44.2 2 1
github.com/abulo/ratel/elasticsearch/sqlparser/dependency/bytes2/buffer.go:47.44,50.2 2 1
github.com/abulo/ratel/elasticsearch/sqlparser/dependency/bytes2/buffer.go:53.35,55.2 1 1
github.com/abulo/ratel/elasticsearch/sqlparser/dependency/bytes2/buffer.go:58.36,60.2 1 1
github.com/abulo/ratel/elasticsearch/sqlparser/dependency/bytes2/buffer.go:63.30,65.2 1 1
github.com/abulo/ratel/elasticsearch/sqlparser/tracked_buffer.go:42.67,47.2 1 1323
github.com/abulo/ratel/elasticsearch/sqlparser/tracked_buffer.go:51.66,54.2 2 0
github.com/abulo/ratel/elasticsearch/sqlparser/tracked_buffer.go:62.74,65.23 3 15349
github.com/abulo/ratel/elasticsearch/sqlparser/tracked_buffer.go:65.23,67.35 2 31077
github.com/abulo/ratel/elasticsearch/sqlparser/tracked_buffer.go:70.3,70.16 1 31077
github.com/abulo/ratel/elasticsearch/sqlparser/tracked_buffer.go:73.3,73.15 1 31077
github.com/abulo/ratel/elasticsearch/sqlparser/tracked_buffer.go:76.3,77.20 2 29643
github.com/abulo/ratel/elasticsearch/sqlparser/tracked_buffer.go:108.3,109.6 2 29643
github.com/abulo/ratel/elasticsearch/sqlparser/tracked_buffer.go:67.35,69.4 1 21552
github.com/abulo/ratel/elasticsearch/sqlparser/tracked_buffer.go:70.16,72.4 1 6637
github.com/abulo/ratel/elasticsearch/sqlparser/tracked_buffer.go:73.15,74.9 1 1434
github.com/abulo/ratel/elasticsearch/sqlparser/tracked_buffer.go:78.12,79.40 1 0
github.com/abulo/ratel/elasticsearch/sqlparser/tracked_buffer.go:87.12,88.40 1 11107
github.com/abulo/ratel/elasticsearch/sqlparser/tracked_buffer.go:96.12,98.32 2 18536
github.com/abulo/ratel/elasticsearch/sqlparser/tracked_buffer.go:103.12,104.43 1 0
github.com/abulo/ratel/elasticsearch/sqlparser/tracked_buffer.go:105.11,106.23 1 0
github.com/abulo/ratel/elasticsearch/sqlparser/tracked_buffer.go:80.14,81.21 1 0
github.com/abulo/ratel/elasticsearch/sqlparser/tracked_buffer.go:82.14,83.21 1 0
github.com/abulo/ratel/elasticsearch/sqlparser/tracked_buffer.go:84.12,85.62 1 0
github.com/abulo/ratel/elasticsearch/sqlparser/tracked_buffer.go:89.16,90.17 1 1325
github.com/abulo/ratel/elasticsearch/sqlparser/tracked_buffer.go:91.16,92.23 1 9782
github.com/abulo/ratel/elasticsearch/sqlparser/tracked_buffer.go:93.12,94.62 1 0
github.com/abulo/ratel/elasticsearch/sqlparser/tracked_buffer.go:98.32,100.5 1 18536
github.com/abulo/ratel/elasticsearch/sqlparser/tracked_buffer.go:100.10,102.5 1 0
github.com/abulo/ratel/elasticsearch/sqlparser/tracked_buffer.go:116.48,122.2 2 107
github.com/abulo/ratel/elasticsearch/sqlparser/tracked_buffer.go:126.54,128.2 1 10
github.com/abulo/ratel/elasticsearch/sqlparser/tracked_buffer.go:131.46,133.2 1 0
github.com/abulo/ratel/elasticsearch/sqlparser/tracked_buffer.go:136.68,140.2 3 0
github.com/abulo/ratel/elasticsearch/sqlparser/analyzer.go:53.30,57.67 3 58
github.com/abulo/ratel/elasticsearch/sqlparser/analyzer.go:60.2,60.64 1 58
github.com/abulo/ratel/elasticsearch/sqlparser/analyzer.go:62.2,63.26 2 58
github.com/abulo/ratel/elasticsearch/sqlparser/analyzer.go:82.2,83.44 2 36
github.com/abulo/ratel/elasticsearch/sqlparser/analyzer.go:91.2,91.26 1 25
github.com/abulo/ratel/elasticsearch/sqlparser/analyzer.go:103.2,103.40 1 11
github.com/abulo/ratel/elasticsearch/sqlparser/analyzer.go:106.2,106.20 1 9
github.com/abulo/ratel/elasticsearch/sqlparser/analyzer.go:57.67,59.3 1 31
github.com/abulo/ratel/elasticsearch/sqlparser/analyzer.go:60.64,60.95 1 69
github.com/abulo/ratel/elasticsearch/sqlparser/analyzer.go:64.16,65.20 1 10
github.com/abulo/ratel/elasticsearch/sqlparser/analyzer.go:66.16,67.20 1 0
github.com/abulo/ratel/elasticsearch/sqlparser/analyzer.go:68.16,69.20 1 2
github.com/abulo/ratel/elasticsearch/sqlparser/analyzer.go:70.17,71.21 1 2
github.com/abulo/ratel/elasticsearch/sqlparser/analyzer.go:72.16,73.20 1 6
github.com/abulo/ratel/elasticsearch/sqlparser/analyzer.go:74.16,75.20 1 2
github.com/abulo/ratel/elasticsearch/sqlparser/analyzer.go:84.36,85.19 1 7
github.com/abulo/ratel/elasticsearch/sqlparser/analyzer.go:86.16,87.20 1 2
github.com/abulo/ratel/elasticsearch/sqlparser/analyzer.go:88.18,89.22 1 2
github.com/abulo/ratel/elasticsearch/sqlparser/analyzer.go:92.55,93.17 1 5
github.com/abulo/ratel/elasticsearch/sqlparser/analyzer.go:94.13,95.17 1 1
github.com/abulo/ratel/elasticsearch/sqlparser/analyzer.go:96.14,97.18 1 1
github.com/abulo/ratel/elasticsearch/sqlparser/analyzer.go:98.13,99.17 1 1
github.com/abulo/ratel/elasticsearch/sqlparser/analyzer.go:100.70,101.19 1 6
github.com/abulo/ratel/elasticsearch/sqlparser/analyzer.go:103.40,105.3 1 2
github.com/abulo/ratel/elasticsearch/sqlparser/analyzer.go:110.36,111.18 1 0
github.com/abulo/ratel/elasticsearch/sqlparser/analyzer.go:112.18,113.18 1 0
github.com/abulo/ratel/elasticsearch/sqlparser/analyzer.go:114.18,115.18 1 0
github.com/abulo/ratel/elasticsearch/sqlparser/analyzer.go:116.18,117.18 1 0
github.com/abulo/ratel/elasticsearch/sqlparser/analyzer.go:118.19,119.19 1 0
github.com/abulo/ratel/elasticsearch/sqlparser/analyzer.go:120.18,121.18 1 0
github.com/abulo/ratel/elasticsearch/sqlparser/analyzer.go:122.18,123.18 1 0
github.com/abulo/ratel/elasticsearch/sqlparser/analyzer.go:124.15,125.15 1 0
github.com/abulo/ratel/elasticsearch/sqlparser/analyzer.go:126.17,127.17 1 0
github.com/abulo/ratel/elasticsearch/sqlparser/analyzer.go:128.18,129.18 1 0
github.com/abulo/ratel/elasticsearch/sqlparser/analyzer.go:130.20,131.20 1 0
github.com/abulo/ratel/elasticsearch/sqlparser/analyzer.go:132.15,133.15 1 0
github.com/abulo/ratel/elasticsearch/sqlparser/analyzer.go:134.16,135.16 1 0
github.com/abulo/ratel/elasticsearch/sqlparser/analyzer.go:136.15,137.15 1 0
github.com/abulo/ratel/elasticsearch/sqlparser/analyzer.go:138.17,139.17 1 0
github.com/abulo/ratel/elasticsearch/sqlparser/analyzer.go:140.10,141.19 1 0
github.com/abulo/ratel/elasticsearch/sqlparser/analyzer.go:146.29,147.22 1 10
github.com/abulo/ratel/elasticsearch/sqlparser/analyzer.go:151.2,151.14 1 4
github.com/abulo/ratel/elasticsearch/sqlparser/analyzer.go:148.55,149.14 1 6
github.com/abulo/ratel/elasticsearch/sqlparser/analyzer.go:156.52,157.60 1 3
github.com/abulo/ratel/elasticsearch/sqlparser/analyzer.go:161.2,161.26 1 2
github.com/abulo/ratel/elasticsearch/sqlparser/analyzer.go:157.60,159.3 1 1
github.com/abulo/ratel/elasticsearch/sqlparser/analyzer.go:165.32,168.2 2 2
github.com/abulo/ratel/elasticsearch/sqlparser/analyzer.go:172.30,173.26 1 7
github.com/abulo/ratel/elasticsearch/sqlparser/analyzer.go:180.2,180.14 1 2
github.com/abulo/ratel/elasticsearch/sqlparser/analyzer.go:174.15,175.17 1 5
github.com/abulo/ratel/elasticsearch/sqlparser/analyzer.go:176.39,177.15 1 5
github.com/abulo/ratel/elasticsearch/sqlparser/analyzer.go:184.29,185.21 1 2
github.com/abulo/ratel/elasticsearch/sqlparser/analyzer.go:189.2,189.14 1 1
github.com/abulo/ratel/elasticsearch/sqlparser/analyzer.go:186.16,187.14 1 1
github.com/abulo/ratel/elasticsearch/sqlparser/analyzer.go:194.36,195.29 1 4
github.com/abulo/ratel/elasticsearch/sqlparser/analyzer.go:207.2,207.14 1 1
github.com/abulo/ratel/elasticsearch/sqlparser/analyzer.go:196.16,197.26 1 2
github.com/abulo/ratel/elasticsearch/sqlparser/analyzer.go:202.3,202.14 1 1
github.com/abulo/ratel/elasticsearch/sqlparser/analyzer.go:203.15,204.14 1 1
github.com/abulo/ratel/elasticsearch/sqlparser/analyzer.go:197.26,198.19 1 2
github.com/abulo/ratel/elasticsearch/sqlparser/analyzer.go:198.19,200.5 1 1
github.com/abulo/ratel/elasticsearch/sqlparser/analyzer.go:211.58,212.29 1 23
github.com/abulo/ratel/elasticsearch/sqlparser/analyzer.go:252.2,252.89 1 2
github.com/abulo/ratel/elasticsearch/sqlparser/analyzer.go:213.15,214.20 1 13
github.com/abulo/ratel/elasticsearch/sqlparser/analyzer.go:232.15,233.60 1 3
github.com/abulo/ratel/elasticsearch/sqlparser/analyzer.go:234.16,238.28 2 4
github.com/abulo/ratel/elasticsearch/sqlparser/analyzer.go:248.3,248.17 1 2
github.com/abulo/ratel/elasticsearch/sqlparser/analyzer.go:249.16,250.35 1 1
github.com/abulo/ratel/elasticsearch/sqlparser/analyzer.go:215.15,216.61 1 3
github.com/abulo/ratel/elasticsearch/sqlparser/analyzer.go:217.15,219.18 2 3
github.com/abulo/ratel/elasticsearch/sqlparser/analyzer.go:222.4,222.44 1 2
github.com/abulo/ratel/elasticsearch/sqlparser/analyzer.go:223.15,224.93 1 4
github.com/abulo/ratel/elasticsearch/sqlparser/analyzer.go:225.15,227.18 2 3
github.com/abulo/ratel/elasticsearch/sqlparser/analyzer.go:230.4,230.86 1 2
github.com/abulo/ratel/elasticsearch/sqlparser/analyzer.go:219.18,221.5 1 1
github.com/abulo/ratel/elasticsearch/sqlparser/analyzer.go:227.18,229.5 1 1
github.com/abulo/ratel/elasticsearch/sqlparser/analyzer.go:238.28,240.18 2 5
github.com/abulo/ratel/elasticsearch/sqlparser/analyzer.go:243.4,243.54 1 4
github.com/abulo/ratel/elasticsearch/sqlparser/analyzer.go:246.4,246.42 1 3
github.com/abulo/ratel/elasticsearch/sqlparser/analyzer.go:240.18,242.5 1 1
github.com/abulo/ratel/elasticsearch/sqlparser/analyzer.go:243.54,245.5 1 1
github.com/abulo/ratel/elasticsearch/sqlparser/analyzer.go:257.50,258.29 1 2
github.com/abulo/ratel/elasticsearch/sqlparser/analyzer.go:263.2,263.14 1 1
github.com/abulo/ratel/elasticsearch/sqlparser/analyzer.go:258.29,259.17 1 3
github.com/abulo/ratel/elasticsearch/sqlparser/analyzer.go:259.17,261.4 1 1
github.com/abulo/ratel/elasticsearch/sqlparser/analyzer.go:276.95,278.16 2 34
github.com/abulo/ratel/elasticsearch/sqlparser/analyzer.go:281.2,282.9 2 33
github.com/abulo/ratel/elasticsearch/sqlparser/analyzer.go:285.2,286.37 2 32
github.com/abulo/ratel/elasticsearch/sqlparser/analyzer.go:342.2,342.52 1 30
github.com/abulo/ratel/elasticsearch/sqlparser/analyzer.go:278.16,280.3 1 1
github.com/abulo/ratel/elasticsearch/sqlparser/analyzer.go:282.9,284.3 1 1
github.com/abulo/ratel/elasticsearch/sqlparser/analyzer.go:286.37,289.10 3 32
github.com/abulo/ratel/elasticsearch/sqlparser/analyzer.go:299.3,299.51 1 32
github.com/abulo/ratel/elasticsearch/sqlparser/analyzer.go:307.3,312.35 2 32
github.com/abulo/ratel/elasticsearch/sqlparser/analyzer.go:290.44,292.46 2 2
github.com/abulo/ratel/elasticsearch/sqlparser/analyzer.go:293.45,294.47 1 6
github.com/abulo/ratel/elasticsearch/sqlparser/analyzer.go:295.37,296.39 1 0
github.com/abulo/ratel/elasticsearch/sqlparser/analyzer.go:299.51,300.42 1 8
github.com/abulo/ratel/elasticsearch/sqlparser/analyzer.go:303.4,304.21 2 8
github.com/abulo/ratel/elasticsearch/sqlparser/analyzer.go:300.42,302.5 1 0
github.com/abulo/ratel/elasticsearch/sqlparser/analyzer.go:313.16,314.21 1 26
github.com/abulo/ratel/elasticsearch/sqlparser/analyzer.go:326.16,328.12 2 2
github.com/abulo/ratel/elasticsearch/sqlparser/analyzer.go:331.4,331.24 1 2
github.com/abulo/ratel/elasticsearch/sqlparser/analyzer.go:332.17,333.39 1 1
github.com/abulo/ratel/elasticsearch/sqlparser/analyzer.go:334.17,335.24 1 1
github.com/abulo/ratel/elasticsearch/sqlparser/analyzer.go:336.17,337.30 1 1
github.com/abulo/ratel/elasticsearch/sqlparser/analyzer.go:338.11,339.66 1 1
github.com/abulo/ratel/elasticsearch/sqlparser/analyzer.go:315.16,316.55 1 9
github.com/abulo/ratel/elasticsearch/sqlparser/analyzer.go:317.16,319.19 2 16
github.com/abulo/ratel/elasticsearch/sqlparser/analyzer.go:322.5,322.25 1 16
github.com/abulo/ratel/elasticsearch/sqlparser/analyzer.go:323.12,324.71 1 1
github.com/abulo/ratel/elasticsearch/sqlparser/analyzer.go:319.19,321.6 1 0
github.com/abulo/ratel/elasticsearch/sqlparser/analyzer.go:328.12,330.5 1 1
github.com/abulo/ratel/elasticsearch/sqlparser/ast.go:48.43,50.29 2 802
github.com/abulo/ratel/elasticsearch/sqlparser/ast.go:58.2,58.33 1 760
github.com/abulo/ratel/elasticsearch/sqlparser/ast.go:50.29,51.34 1 42
github.com/abulo/ratel/elasticsearch/sqlparser/ast.go:56.3,56.34 1 38
github.com/abulo/ratel/elasticsearch/sqlparser/ast.go:51.34,55.4 3 4
github.com/abulo/ratel/elasticsearch/sqlparser/ast.go:63.52,65.29 2 12
github.com/abulo/ratel/elasticsearch/sqlparser/ast.go:68.2,68.33 1 11
github.com/abulo/ratel/elasticsearch/sqlparser/ast.go:65.29,67.3 1 1
github.com/abulo/ratel/elasticsearch/sqlparser/ast.go:76.57,77.31 1 650
github.com/abulo/ratel/elasticsearch/sqlparser/ast.go:81.2,81.35 1 650
github.com/abulo/ratel/elasticsearch/sqlparser/ast.go:85.2,87.29 3 604
github.com/abulo/ratel/elasticsearch/sqlparser/ast.go:94.2,94.33 1 570
github.com/abulo/ratel/elasticsearch/sqlparser/ast.go:77.31,80.3 2 569
github.com/abulo/ratel/elasticsearch/sqlparser/ast.go:81.35,83.3 1 46
github.com/abulo/ratel/elasticsearch/sqlparser/ast.go:87.29,88.34 1 34
github.com/abulo/ratel/elasticsearch/sqlparser/ast.go:92.3,92.34 1 29
github.com/abulo/ratel/elasticsearch/sqlparser/ast.go:88.34,91.4 2 5
github.com/abulo/ratel/elasticsearch/sqlparser/ast.go:99.58,102.6 3 9
github.com/abulo/ratel/elasticsearch/sqlparser/ast.go:108.2,108.32 1 9
github.com/abulo/ratel/elasticsearch/sqlparser/ast.go:111.2,111.16 1 9
github.com/abulo/ratel/elasticsearch/sqlparser/ast.go:114.2,114.22 1 4
github.com/abulo/ratel/elasticsearch/sqlparser/ast.go:102.6,104.47 2 40
github.com/abulo/ratel/elasticsearch/sqlparser/ast.go:104.47,105.9 1 9
github.com/abulo/ratel/elasticsearch/sqlparser/ast.go:108.32,110.3 1 0
github.com/abulo/ratel/elasticsearch/sqlparser/ast.go:111.16,113.3 1 5
github.com/abulo/ratel/elasticsearch/sqlparser/ast.go:119.71,126.6 6 6
github.com/abulo/ratel/elasticsearch/sqlparser/ast.go:144.2,145.8 2 6
github.com/abulo/ratel/elasticsearch/sqlparser/ast.go:126.6,128.17 2 109
github.com/abulo/ratel/elasticsearch/sqlparser/ast.go:128.17,133.4 3 6
github.com/abulo/ratel/elasticsearch/sqlparser/ast.go:133.9,133.40 1 103
github.com/abulo/ratel/elasticsearch/sqlparser/ast.go:133.40,136.28 2 6
github.com/abulo/ratel/elasticsearch/sqlparser/ast.go:140.4,140.9 1 6
github.com/abulo/ratel/elasticsearch/sqlparser/ast.go:136.28,139.5 2 2
github.com/abulo/ratel/elasticsearch/sqlparser/ast.go:166.48,167.29 1 5824
github.com/abulo/ratel/elasticsearch/sqlparser/ast.go:182.2,182.12 1 5824
github.com/abulo/ratel/elasticsearch/sqlparser/ast.go:167.29,168.18 1 12614
github.com/abulo/ratel/elasticsearch/sqlparser/ast.go:171.3,172.17 2 12404
github.com/abulo/ratel/elasticsearch/sqlparser/ast.go:175.3,175.15 1 12404
github.com/abulo/ratel/elasticsearch/sqlparser/ast.go:168.18,169.12 1 210
github.com/abulo/ratel/elasticsearch/sqlparser/ast.go:172.17,174.4 1 0
github.com/abulo/ratel/elasticsearch/sqlparser/ast.go:175.15,177.18 2 12346
github.com/abulo/ratel/elasticsearch/sqlparser/ast.go:177.18,179.5 1 0
github.com/abulo/ratel/elasticsearch/sqlparser/ast.go:186.34,187.17 1 1299
github.com/abulo/ratel/elasticsearch/sqlparser/ast.go:191.2,193.21 3 1299
github.com/abulo/ratel/elasticsearch/sqlparser/ast.go:187.17,189.3 1 0
github.com/abulo/ratel/elasticsearch/sqlparser/ast.go:197.46,202.2 2 12
github.com/abulo/ratel/elasticsearch/sqlparser/ast.go:210.34,210.35 0 0
github.com/abulo/ratel/elasticsearch/sqlparser/ast.go:211.34,211.35 0 0
github.com/abulo/ratel/elasticsearch/sqlparser/ast.go:212.34,212.35 0 0
github.com/abulo/ratel/elasticsearch/sqlparser/ast.go:213.34,213.35 0 0
github.com/abulo/ratel/elasticsearch/sqlparser/ast.go:214.34,214.35 0 0
github.com/abulo/ratel/elasticsearch/sqlparser/ast.go:215.34,215.35 0 0
github.com/abulo/ratel/elasticsearch/sqlparser/ast.go:216.34,216.35 0 0
github.com/abulo/ratel/elasticsearch/sqlparser/ast.go:217.34,217.35 0 0
github.com/abulo/ratel/elasticsearch/sqlparser/ast.go:218.34,218.35 0 0
github.com/abulo/ratel/elasticsearch/sqlparser/ast.go:219.34,219.35 0 0
github.com/abulo/ratel/elasticsearch/sqlparser/ast.go:220.34,220.35 0 0
github.com/abulo/ratel/elasticsearch/sqlparser/ast.go:221.34,221.35 0 0
github.com/abulo/ratel/elasticsearch/sqlparser/ast.go:222.34,222.35 0 0
github.com/abulo/ratel/elasticsearch/sqlparser/ast.go:223.34,223.35 0 0
github.com/abulo/ratel/elasticsearch/sqlparser/ast.go:224.34,224.35 0 0
github.com/abulo/ratel/elasticsearch/sqlparser/ast.go:225.34,225.35 0 0
github.com/abulo/ratel/elasticsearch/sqlparser/ast.go:230.35,230.36 0 0
github.com/abulo/ratel/elasticsearch/sqlparser/ast.go:242.41,242.42 0 0
github.com/abulo/ratel/elasticsearch/sqlparser/ast.go:243.41,243.42 0 0
github.com/abulo/ratel/elasticsearch/sqlparser/ast.go:244.41,244.42 0 0
github.com/abulo/ratel/elasticsearch/sqlparser/ast.go:281.44,283.2 1 1
github.com/abulo/ratel/elasticsearch/sqlparser/ast.go:286.44,288.2 1 1
github.com/abulo/ratel/elasticsearch/sqlparser/ast.go:291.48,297.2 1 750
github.com/abulo/ratel/elasticsearch/sqlparser/ast.go:299.52,300.17 1 386
github.com/abulo/ratel/elasticsearch/sqlparser/ast.go:303.2,313.3 1 386
github.com/abulo/ratel/elasticsearch/sqlparser/ast.go:300.17,302.3 1 0
github.com/abulo/ratel/elasticsearch/sqlparser/ast.go:321.41,322.33 1 3
github.com/abulo/ratel/elasticsearch/sqlparser/ast.go:325.2,325.23 1 3
github.com/abulo/ratel/elasticsearch/sqlparser/ast.go:332.2,336.8 2 1
github.com/abulo/ratel/elasticsearch/sqlparser/ast.go:322.33,324.3 1 1
github.com/abulo/ratel/elasticsearch/sqlparser/ast.go:325.23,331.3 2 2
github.com/abulo/ratel/elasticsearch/sqlparser/ast.go:344.42,345.33 1 3
github.com/abulo/ratel/elasticsearch/sqlparser/ast.go:348.2,348.24 1 3
github.com/abulo/ratel/elasticsearch/sqlparser/ast.go:355.2,359.8 2 1
github.com/abulo/ratel/elasticsearch/sqlparser/ast.go:345.33,347.3 1 1
github.com/abulo/ratel/elasticsearch/sqlparser/ast.go:348.24,354.3 2 2
github.com/abulo/ratel/elasticsearch/sqlparser/ast.go:368.49,369.22 1 0
github.com/abulo/ratel/elasticsearch/sqlparser/ast.go:373.49,374.22 1 0
github.com/abulo/ratel/elasticsearch/sqlparser/ast.go:378.53,380.2 1 12
github.com/abulo/ratel/elasticsearch/sqlparser/ast.go:382.57,383.17 1 6
github.com/abulo/ratel/elasticsearch/sqlparser/ast.go:386.2,389.3 1 6
github.com/abulo/ratel/elasticsearch/sqlparser/ast.go:383.17,385.3 1 0
github.com/abulo/ratel/elasticsearch/sqlparser/ast.go:409.43,411.2 1 1
github.com/abulo/ratel/elasticsearch/sqlparser/ast.go:414.43,416.2 1 1
github.com/abulo/ratel/elasticsearch/sqlparser/ast.go:419.47,422.2 1 34
github.com/abulo/ratel/elasticsearch/sqlparser/ast.go:424.51,425.17 1 16
github.com/abulo/ratel/elasticsearch/sqlparser/ast.go:428.2,432.3 1 16
github.com/abulo/ratel/elasticsearch/sqlparser/ast.go:425.17,427.3 1 0
github.com/abulo/ratel/elasticsearch/sqlparser/ast.go:443.48,446.2 1 4
github.com/abulo/ratel/elasticsearch/sqlparser/ast.go:448.52,449.17 1 2
github.com/abulo/ratel/elasticsearch/sqlparser/ast.go:452.2,457.3 1 2
github.com/abulo/ratel/elasticsearch/sqlparser/ast.go:449.17,451.3 1 0
github.com/abulo/ratel/elasticsearch/sqlparser/ast.go:486.48,491.2 1 59
github.com/abulo/ratel/elasticsearch/sqlparser/ast.go:493.52,494.17 1 28
github.com/abulo/ratel/elasticsearch/sqlparser/ast.go:497.2,504.3 1 28
github.com/abulo/ratel/elasticsearch/sqlparser/ast.go:494.17,496.3 1 0
github.com/abulo/ratel/elasticsearch/sqlparser/ast.go:513.36,513.37 0 0
github.com/abulo/ratel/elasticsearch/sqlparser/ast.go:514.36,514.37 0 0
github.com/abulo/ratel/elasticsearch/sqlparser/ast.go:515.36,515.37 0 0
github.com/abulo/ratel/elasticsearch/sqlparser/ast.go:516.36,516.37 0 0
github.com/abulo/ratel/elasticsearch/sqlparser/ast.go:530.48,534.2 1 49
github.com/abulo/ratel/elasticsearch/sqlparser/ast.go:536.52,537.17 1 23
github.com/abulo/ratel/elasticsearch/sqlparser/ast.go:540.2,548.3 1 23
github.com/abulo/ratel/elasticsearch/sqlparser/ast.go:537.17,539.3 1 0
github.com/abulo/ratel/elasticsearch/sqlparser/ast.go:564.48,566.25 2 18
github.com/abulo/ratel/elasticsearch/sqlparser/ast.go:569.2,569.105 1 18
github.com/abulo/ratel/elasticsearch/sqlparser/ast.go:566.25,568.3 1 6
github.com/abulo/ratel/elasticsearch/sqlparser/ast.go:572.52,573.17 1 9
github.com/abulo/ratel/elasticsearch/sqlparser/ast.go:576.2,584.3 1 9
github.com/abulo/ratel/elasticsearch/sqlparser/ast.go:573.17,575.3 1 0
github.com/abulo/ratel/elasticsearch/sqlparser/ast.go:601.45,602.22 1 64
github.com/abulo/ratel/elasticsearch/sqlparser/ast.go:602.22,604.3 1 58
github.com/abulo/ratel/elasticsearch/sqlparser/ast.go:604.8,606.3 1 6
github.com/abulo/ratel/elasticsearch/sqlparser/ast.go:609.49,610.17 1 31
github.com/abulo/ratel/elasticsearch/sqlparser/ast.go:613.2,617.3 1 31
github.com/abulo/ratel/elasticsearch/sqlparser/ast.go:610.17,612.3 1 0
github.com/abulo/ratel/elasticsearch/sqlparser/ast.go:630.47,631.21 1 12
github.com/abulo/ratel/elasticsearch/sqlparser/ast.go:632.17,633.75 1 6
github.com/abulo/ratel/elasticsearch/sqlparser/ast.go:634.15,636.20 2 6
github.com/abulo/ratel/elasticsearch/sqlparser/ast.go:639.3,639.85 1 6
github.com/abulo/ratel/elasticsearch/sqlparser/ast.go:636.20,638.4 1 0
github.com/abulo/ratel/elasticsearch/sqlparser/ast.go:644.51,646.2 1 6
github.com/abulo/ratel/elasticsearch/sqlparser/ast.go:680.45,681.21 1 190
github.com/abulo/ratel/elasticsearch/sqlparser/ast.go:682.17,683.28 1 32
github.com/abulo/ratel/elasticsearch/sqlparser/ast.go:688.15,690.20 2 12
github.com/abulo/ratel/elasticsearch/sqlparser/ast.go:693.3,693.65 1 12
github.com/abulo/ratel/elasticsearch/sqlparser/ast.go:694.17,695.75 1 10
github.com/abulo/ratel/elasticsearch/sqlparser/ast.go:696.16,697.32 1 102
github.com/abulo/ratel/elasticsearch/sqlparser/ast.go:702.23,703.79 1 6
github.com/abulo/ratel/elasticsearch/sqlparser/ast.go:704.23,706.39 2 16
github.com/abulo/ratel/elasticsearch/sqlparser/ast.go:713.3,714.42 2 16
github.com/abulo/ratel/elasticsearch/sqlparser/ast.go:717.24,718.86 1 8
github.com/abulo/ratel/elasticsearch/sqlparser/ast.go:719.10,720.55 1 4
github.com/abulo/ratel/elasticsearch/sqlparser/ast.go:683.28,685.4 1 13
github.com/abulo/ratel/elasticsearch/sqlparser/ast.go:685.9,687.4 1 19
github.com/abulo/ratel/elasticsearch/sqlparser/ast.go:690.20,692.4 1 6
github.com/abulo/ratel/elasticsearch/sqlparser/ast.go:697.32,699.4 1 2
github.com/abulo/ratel/elasticsearch/sqlparser/ast.go:699.9,701.4 1 100
github.com/abulo/ratel/elasticsearch/sqlparser/ast.go:706.39,707.14 1 18
github.com/abulo/ratel/elasticsearch/sqlparser/ast.go:707.14,709.5 1 2
github.com/abulo/ratel/elasticsearch/sqlparser/ast.go:709.10,711.5 1 16
github.com/abulo/ratel/elasticsearch/sqlparser/ast.go:714.42,716.4 1 10
github.com/abulo/ratel/elasticsearch/sqlparser/ast.go:724.49,725.17 1 81
github.com/abulo/ratel/elasticsearch/sqlparser/ast.go:728.2,732.3 1 81
github.com/abulo/ratel/elasticsearch/sqlparser/ast.go:725.17,727.3 1 0
github.com/abulo/ratel/elasticsearch/sqlparser/ast.go:748.55,749.21 1 2
github.com/abulo/ratel/elasticsearch/sqlparser/ast.go:750.21,753.39 3 2
github.com/abulo/ratel/elasticsearch/sqlparser/ast.go:757.3,757.20 1 2
github.com/abulo/ratel/elasticsearch/sqlparser/ast.go:758.10,759.25 1 0
github.com/abulo/ratel/elasticsearch/sqlparser/ast.go:753.39,756.4 2 4
github.com/abulo/ratel/elasticsearch/sqlparser/ast.go:763.59,764.17 1 0
github.com/abulo/ratel/elasticsearch/sqlparser/ast.go:767.2,767.47 1 0
github.com/abulo/ratel/elasticsearch/sqlparser/ast.go:770.2,770.39 1 0
github.com/abulo/ratel/elasticsearch/sqlparser/ast.go:775.2,775.12 1 0
github.com/abulo/ratel/elasticsearch/sqlparser/ast.go:764.17,766.3 1 0
github.com/abulo/ratel/elasticsearch/sqlparser/ast.go:767.47,769.3 1 0
github.com/abulo/ratel/elasticsearch/sqlparser/ast.go:770.39,771.42 1 0
github.com/abulo/ratel/elasticsearch/sqlparser/ast.go:771.42,773.4 1 0
github.com/abulo/ratel/elasticsearch/sqlparser/ast.go:786.61,787.20 1 4
github.com/abulo/ratel/elasticsearch/sqlparser/ast.go:787.20,789.3 1 2
github.com/abulo/ratel/elasticsearch/sqlparser/ast.go:789.8,791.3 1 2
github.com/abulo/ratel/elasticsearch/sqlparser/ast.go:794.65,795.17 1 0
github.com/abulo/ratel/elasticsearch/sqlparser/ast.go:798.2,802.3 1 0
github.com/abulo/ratel/elasticsearch/sqlparser/ast.go:795.17,797.3 1 0
github.com/abulo/ratel/elasticsearch/sqlparser/ast.go:813.49,815.33 2 19
github.com/abulo/ratel/elasticsearch/sqlparser/ast.go:822.2,822.33 1 19
github.com/abulo/ratel/elasticsearch/sqlparser/ast.go:826.2,826.71 1 19
github.com/abulo/ratel/elasticsearch/sqlparser/ast.go:815.33,816.13 1 121
github.com/abulo/ratel/elasticsearch/sqlparser/ast.go:816.13,818.4 1 19
github.com/abulo/ratel/elasticsearch/sqlparser/ast.go:818.9,820.4 1 102
github.com/abulo/ratel/elasticsearch/sqlparser/ast.go:822.33,824.3 1 25
github.com/abulo/ratel/elasticsearch/sqlparser/ast.go:830.54,832.2 1 127
github.com/abulo/ratel/elasticsearch/sqlparser/ast.go:835.52,837.2 1 25
github.com/abulo/ratel/elasticsearch/sqlparser/ast.go:839.53,840.15 1 0
github.com/abulo/ratel/elasticsearch/sqlparser/ast.go:844.2,844.31 1 0
github.com/abulo/ratel/elasticsearch/sqlparser/ast.go:850.2,850.31 1 0
github.com/abulo/ratel/elasticsearch/sqlparser/ast.go:856.2,856.12 1 0
github.com/abulo/ratel/elasticsearch/sqlparser/ast.go:840.15,842.3 1 0
github.com/abulo/ratel/elasticsearch/sqlparser/ast.go:844.31,845.40 1 0
github.com/abulo/ratel/elasticsearch/sqlparser/ast.go:845.40,847.4 1 0
github.com/abulo/ratel/elasticsearch/sqlparser/ast.go:850.31,851.40 1 0
github.com/abulo/ratel/elasticsearch/sqlparser/ast.go:851.40,853.4 1 0
github.com/abulo/ratel/elasticsearch/sqlparser/ast.go:866.57,868.2 1 121
github.com/abulo/ratel/elasticsearch/sqlparser/ast.go:870.61,871.16 1 0
github.com/abulo/ratel/elasticsearch/sqlparser/ast.go:874.2,878.3 1 0
github.com/abulo/ratel/elasticsearch/sqlparser/ast.go:871.16,873.3 1 0
github.com/abulo/ratel/elasticsearch/sqlparser/ast.go:912.50,915.41 2 121
github.com/abulo/ratel/elasticsearch/sqlparser/ast.go:922.2,922.26 1 121
github.com/abulo/ratel/elasticsearch/sqlparser/ast.go:926.2,927.17 2 121
github.com/abulo/ratel/elasticsearch/sqlparser/ast.go:930.2,930.17 1 121
github.com/abulo/ratel/elasticsearch/sqlparser/ast.go:933.2,933.22 1 121
github.com/abulo/ratel/elasticsearch/sqlparser/ast.go:936.2,936.22 1 121
github.com/abulo/ratel/elasticsearch/sqlparser/ast.go:939.2,939.16 1 121
github.com/abulo/ratel/elasticsearch/sqlparser/ast.go:942.2,942.23 1 121
github.com/abulo/ratel/elasticsearch/sqlparser/ast.go:945.2,945.24 1 121
github.com/abulo/ratel/elasticsearch/sqlparser/ast.go:948.2,948.22 1 121
github.com/abulo/ratel/elasticsearch/sqlparser/ast.go:951.2,951.23 1 121
github.com/abulo/ratel/elasticsearch/sqlparser/ast.go:954.2,954.32 1 121
github.com/abulo/ratel/elasticsearch/sqlparser/ast.go:957.2,957.31 1 121
github.com/abulo/ratel/elasticsearch/sqlparser/ast.go:960.2,960.34 1 121
github.com/abulo/ratel/elasticsearch/sqlparser/ast.go:963.2,963.35 1 121
github.com/abulo/ratel/elasticsearch/sqlparser/ast.go:966.2,966.25 1 121
github.com/abulo/ratel/elasticsearch/sqlparser/ast.go:970.2,970.20 1 121
github.com/abulo/ratel/elasticsearch/sqlparser/ast.go:915.41,918.3 1 5
github.com/abulo/ratel/elasticsearch/sqlparser/ast.go:918.8,918.29 1 116
github.com/abulo/ratel/elasticsearch/sqlparser/ast.go:918.29,920.3 1 15
github.com/abulo/ratel/elasticsearch/sqlparser/ast.go:922.26,924.3 1 8
github.com/abulo/ratel/elasticsearch/sqlparser/ast.go:927.17,929.3 1 2
github.com/abulo/ratel/elasticsearch/sqlparser/ast.go:930.17,932.3 1 2
github.com/abulo/ratel/elasticsearch/sqlparser/ast.go:933.22,935.3 1 9
github.com/abulo/ratel/elasticsearch/sqlparser/ast.go:936.22,938.3 1 7
github.com/abulo/ratel/elasticsearch/sqlparser/ast.go:939.16,941.3 1 15
github.com/abulo/ratel/elasticsearch/sqlparser/ast.go:942.23,944.3 1 13
github.com/abulo/ratel/elasticsearch/sqlparser/ast.go:945.24,947.3 1 2
github.com/abulo/ratel/elasticsearch/sqlparser/ast.go:948.22,950.3 1 8
github.com/abulo/ratel/elasticsearch/sqlparser/ast.go:951.23,953.3 1 1
github.com/abulo/ratel/elasticsearch/sqlparser/ast.go:954.32,956.3 1 1
github.com/abulo/ratel/elasticsearch/sqlparser/ast.go:957.31,959.3 1 1
github.com/abulo/ratel/elasticsearch/sqlparser/ast.go:960.34,962.3 1 1
github.com/abulo/ratel/elasticsearch/sqlparser/ast.go:963.35,965.3 1 0
github.com/abulo/ratel/elasticsearch/sqlparser/ast.go:966.25,968.3 1 1
github.com/abulo/ratel/elasticsearch/sqlparser/ast.go:970.20,972.3 1 50
github.com/abulo/ratel/elasticsearch/sqlparser/ast.go:977.45,980.41 3 0
github.com/abulo/ratel/elasticsearch/sqlparser/ast.go:986.2,987.17 2 0
github.com/abulo/ratel/elasticsearch/sqlparser/ast.go:990.2,990.17 1 0
github.com/abulo/ratel/elasticsearch/sqlparser/ast.go:993.2,993.20 1 0
github.com/abulo/ratel/elasticsearch/sqlparser/ast.go:996.2,996.21 1 0
github.com/abulo/ratel/elasticsearch/sqlparser/ast.go:980.41,982.3 1 0
github.com/abulo/ratel/elasticsearch/sqlparser/ast.go:982.8,982.29 1 0
github.com/abulo/ratel/elasticsearch/sqlparser/ast.go:982.29,984.3 1 0
github.com/abulo/ratel/elasticsearch/sqlparser/ast.go:987.17,989.3 1 0
github.com/abulo/ratel/elasticsearch/sqlparser/ast.go:990.17,992.3 1 0
github.com/abulo/ratel/elasticsearch/sqlparser/ast.go:993.20,995.3 1 0
github.com/abulo/ratel/elasticsearch/sqlparser/ast.go:1000.46,1001.17 1 0
github.com/abulo/ratel/elasticsearch/sqlparser/ast.go:1094.2,1094.40 1 0
github.com/abulo/ratel/elasticsearch/sqlparser/ast.go:1002.31,1003.18 1 0
github.com/abulo/ratel/elasticsearch/sqlparser/ast.go:1006.3,1006.23 1 0
github.com/abulo/ratel/elasticsearch/sqlparser/ast.go:1007.32,1008.18 1 0
github.com/abulo/ratel/elasticsearch/sqlparser/ast.go:1011.3,1011.24 1 0
github.com/abulo/ratel/elasticsearch/sqlparser/ast.go:1012.33,1013.18 1 0
github.com/abulo/ratel/elasticsearch/sqlparser/ast.go:1016.3,1016.24 1 0
github.com/abulo/ratel/elasticsearch/sqlparser/ast.go:1017.27,1018.14 1 0
github.com/abulo/ratel/elasticsearch/sqlparser/ast.go:1019.31,1020.18 1 0
github.com/abulo/ratel/elasticsearch/sqlparser/ast.go:1023.3,1023.24 1 0
github.com/abulo/ratel/elasticsearch/sqlparser/ast.go:1024.30,1025.18 1 0
github.com/abulo/ratel/elasticsearch/sqlparser/ast.go:1028.3,1028.24 1 0
github.com/abulo/ratel/elasticsearch/sqlparser/ast.go:1029.28,1030.23 1 0
github.com/abulo/ratel/elasticsearch/sqlparser/ast.go:1031.32,1032.23 1 0
github.com/abulo/ratel/elasticsearch/sqlparser/ast.go:1033.34,1034.23 1 0
github.com/abulo/ratel/elasticsearch/sqlparser/ast.go:1035.32,1036.23 1 0
github.com/abulo/ratel/elasticsearch/sqlparser/ast.go:1037.28,1038.23 1 0
github.com/abulo/ratel/elasticsearch/sqlparser/ast.go:1039.32,1040.23 1 0
github.com/abulo/ratel/elasticsearch/sqlparser/ast.go:1041.34,1042.23 1 0
github.com/abulo/ratel/elasticsearch/sqlparser/ast.go:1043.32,1044.23 1 0
github.com/abulo/ratel/elasticsearch/sqlparser/ast.go:1045.28,1046.23 1 0
github.com/abulo/ratel/elasticsearch/sqlparser/ast.go:1047.31,1048.26 1 0
github.com/abulo/ratel/elasticsearch/sqlparser/ast.go:1049.30,1050.25 1 0
github.com/abulo/ratel/elasticsearch/sqlparser/ast.go:1051.33,1052.28 1 0
github.com/abulo/ratel/elasticsearch/sqlparser/ast.go:1053.28,1054.23 1 0
github.com/abulo/ratel/elasticsearch/sqlparser/ast.go:1055.28,1056.23 1 0
github.com/abulo/ratel/elasticsearch/sqlparser/ast.go:1057.32,1058.27 1 0
github.com/abulo/ratel/elasticsearch/sqlparser/ast.go:1059.33,1060.28 1 0
github.com/abulo/ratel/elasticsearch/sqlparser/ast.go:1061.28,1062.23 1 0
github.com/abulo/ratel/elasticsearch/sqlparser/ast.go:1063.34,1064.26 1 0
github.com/abulo/ratel/elasticsearch/sqlparser/ast.go:1065.30,1066.26 1 0
github.com/abulo/ratel/elasticsearch/sqlparser/ast.go:1067.31,1068.26 1 0
github.com/abulo/ratel/elasticsearch/sqlparser/ast.go:1069.27,1070.22 1 0
github.com/abulo/ratel/elasticsearch/sqlparser/ast.go:1071.28,1072.23 1 0
github.com/abulo/ratel/elasticsearch/sqlparser/ast.go:1073.27,1074.22 1 0
github.com/abulo/ratel/elasticsearch/sqlparser/ast.go:1075.28,1076.27 1 0
github.com/abulo/ratel/elasticsearch/sqlparser/ast.go:1077.32,1078.27 1 0
github.com/abulo/ratel/elasticsearch/sqlparser/ast.go:1079.29,1080.27 1 0
github.com/abulo/ratel/elasticsearch/sqlparser/ast.go:1081.34,1082.27 1 0
github.com/abulo/ratel/elasticsearch/sqlparser/ast.go:1083.31,1084.27 1 0
github.com/abulo/ratel/elasticsearch/sqlparser/ast.go:1085.42,1086.27 1 0
github.com/abulo/ratel/elasticsearch/sqlparser/ast.go:1087.34,1088.27 1 0
github.com/abulo/ratel/elasticsearch/sqlparser/ast.go:1089.39,1090.27 1 0
github.com/abulo/ratel/elasticsearch/sqlparser/ast.go:1091.36,1092.27 1 0
github.com/abulo/ratel/elasticsearch/sqlparser/ast.go:1003.18,1005.4 1 0
github.com/abulo/ratel/elasticsearch/sqlparser/ast.go:1008.18,1010.4 1 0
github.com/abulo/ratel/elasticsearch/sqlparser/ast.go:1013.18,1015.4 1 0
github.com/abulo/ratel/elasticsearch/sqlparser/ast.go:1020.18,1022.4 1 0
github.com/abulo/ratel/elasticsearch/sqlparser/ast.go:1025.18,1027.4 1 0
github.com/abulo/ratel/elasticsearch/sqlparser/ast.go:1097.54,1099.2 1 0
github.com/abulo/ratel/elasticsearch/sqlparser/ast.go:1109.56,1111.34 2 25
github.com/abulo/ratel/elasticsearch/sqlparser/ast.go:1121.2,1123.34 2 25
github.com/abulo/ratel/elasticsearch/sqlparser/ast.go:1111.34,1112.13 1 29
github.com/abulo/ratel/elasticsearch/sqlparser/ast.go:1117.3,1117.24 1 29
github.com/abulo/ratel/elasticsearch/sqlparser/ast.go:1112.13,1114.4 1 4
github.com/abulo/ratel/elasticsearch/sqlparser/ast.go:1114.9,1116.4 1 25
github.com/abulo/ratel/elasticsearch/sqlparser/ast.go:1117.24,1119.4 1 1
github.com/abulo/ratel/elasticsearch/sqlparser/ast.go:1123.34,1125.22 2 16
github.com/abulo/ratel/elasticsearch/sqlparser/ast.go:1125.22,1127.4 1 8
github.com/abulo/ratel/elasticsearch/sqlparser/ast.go:1127.9,1129.4 1 8
github.com/abulo/ratel/elasticsearch/sqlparser/ast.go:1133.60,1134.16 1 0
github.com/abulo/ratel/elasticsearch/sqlparser/ast.go:1138.2,1138.32 1 0
github.com/abulo/ratel/elasticsearch/sqlparser/ast.go:1144.2,1144.12 1 0
github.com/abulo/ratel/elasticsearch/sqlparser/ast.go:1134.16,1136.3 1 0
github.com/abulo/ratel/elasticsearch/sqlparser/ast.go:1138.32,1139.47 1 0
github.com/abulo/ratel/elasticsearch/sqlparser/ast.go:1139.47,1141.4 1 0
github.com/abulo/ratel/elasticsearch/sqlparser/ast.go:1157.49,1158.16 1 25
github.com/abulo/ratel/elasticsearch/sqlparser/ast.go:1158.16,1160.3 1 6
github.com/abulo/ratel/elasticsearch/sqlparser/ast.go:1160.8,1162.3 1 19
github.com/abulo/ratel/elasticsearch/sqlparser/ast.go:1165.53,1167.2 1 0
github.com/abulo/ratel/elasticsearch/sqlparser/ast.go:1211.67,1214.32 3 0
github.com/abulo/ratel/elasticsearch/sqlparser/ast.go:1221.2,1221.22 1 0
github.com/abulo/ratel/elasticsearch/sqlparser/ast.go:1214.32,1215.40 1 0
github.com/abulo/ratel/elasticsearch/sqlparser/ast.go:1215.40,1217.4 1 0
github.com/abulo/ratel/elasticsearch/sqlparser/ast.go:1217.9,1219.4 1 0
github.com/abulo/ratel/elasticsearch/sqlparser/ast.go:1227.52,1231.20 3 16
github.com/abulo/ratel/elasticsearch/sqlparser/ast.go:1231.20,1233.33 2 8
github.com/abulo/ratel/elasticsearch/sqlparser/ast.go:1233.33,1234.14 1 30
github.com/abulo/ratel/elasticsearch/sqlparser/ast.go:1237.4,1237.25 1 30
github.com/abulo/ratel/elasticsearch/sqlparser/ast.go:1234.14,1236.5 1 22
github.com/abulo/ratel/elasticsearch/sqlparser/ast.go:1242.56,1247.16 2 0
github.com/abulo/ratel/elasticsearch/sqlparser/ast.go:1251.2,1251.32 1 0
github.com/abulo/ratel/elasticsearch/sqlparser/ast.go:1258.2,1258.12 1 0
github.com/abulo/ratel/elasticsearch/sqlparser/ast.go:1247.16,1249.3 1 0
github.com/abulo/ratel/elasticsearch/sqlparser/ast.go:1251.32,1254.17 2 0
github.com/abulo/ratel/elasticsearch/sqlparser/ast.go:1254.17,1256.4 1 0
github.com/abulo/ratel/elasticsearch/sqlparser/ast.go:1268.52,1270.2 1 30
github.com/abulo/ratel/elasticsearch/sqlparser/ast.go:1272.56,1276.2 1 0
github.com/abulo/ratel/elasticsearch/sqlparser/ast.go:1287.46,1288.56 1 138
github.com/abulo/ratel/elasticsearch/sqlparser/ast.go:1305.2,1305.22 1 112
github.com/abulo/ratel/elasticsearch/sqlparser/ast.go:1310.2,1310.23 1 112
github.com/abulo/ratel/elasticsearch/sqlparser/ast.go:1288.56,1290.23 2 26
github.com/abulo/ratel/elasticsearch/sqlparser/ast.go:1303.3,1303.9 1 26
github.com/abulo/ratel/elasticsearch/sqlparser/ast.go:1290.23,1291.25 1 14
github.com/abulo/ratel/elasticsearch/sqlparser/ast.go:1291.25,1293.5 1 8
github.com/abulo/ratel/elasticsearch/sqlparser/ast.go:1293.10,1295.5 1 6
github.com/abulo/ratel/elasticsearch/sqlparser/ast.go:1296.9,1297.25 1 12
github.com/abulo/ratel/elasticsearch/sqlparser/ast.go:1297.25,1299.5 1 8
github.com/abulo/ratel/elasticsearch/sqlparser/ast.go:1299.10,1301.5 1 4
github.com/abulo/ratel/elasticsearch/sqlparser/ast.go:1305.22,1307.3 1 104
github.com/abulo/ratel/elasticsearch/sqlparser/ast.go:1307.8,1309.3 1 8
github.com/abulo/ratel/elasticsearch/sqlparser/ast.go:1310.23,1312.3 1 2
github.com/abulo/ratel/elasticsearch/sqlparser/ast.go:1316.37,1318.2 1 112
github.com/abulo/ratel/elasticsearch/sqlparser/ast.go:1320.50,1322.2 1 69
github.com/abulo/ratel/elasticsearch/sqlparser/ast.go:1339.52,1340.21 1 16
github.com/abulo/ratel/elasticsearch/sqlparser/ast.go:1340.21,1342.3 1 8
github.com/abulo/ratel/elasticsearch/sqlparser/ast.go:1342.8,1344.3 1 8
github.com/abulo/ratel/elasticsearch/sqlparser/ast.go:1347.56,1349.2 1 0
github.com/abulo/ratel/elasticsearch/sqlparser/ast.go:1357.45,1358.25 1 6
github.com/abulo/ratel/elasticsearch/sqlparser/ast.go:1358.25,1360.3 1 6
github.com/abulo/ratel/elasticsearch/sqlparser/ast.go:1360.8,1362.3 1 0
github.com/abulo/ratel/elasticsearch/sqlparser/ast.go:1365.49,1367.2 1 3
github.com/abulo/ratel/elasticsearch/sqlparser/ast.go:1373.47,1375.2 1 4
github.com/abulo/ratel/elasticsearch/sqlparser/ast.go:1377.51,1379.2 1 2
github.com/abulo/ratel/elasticsearch/sqlparser/ast.go:1385.48,1387.2 1 2
github.com/abulo/ratel/elasticsearch/sqlparser/ast.go:1389.52,1391.2 1 1
github.com/abulo/ratel/elasticsearch/sqlparser/ast.go:1397.50,1399.2 1 2
github.com/abulo/ratel/elasticsearch/sqlparser/ast.go:1401.54,1403.2 1 1
github.com/abulo/ratel/elasticsearch/sqlparser/ast.go:1411.51,1413.2 1 6
github.com/abulo/ratel/elasticsearch/sqlparser/ast.go:1415.55,1417.2 1 3
github.com/abulo/ratel/elasticsearch/sqlparser/ast.go:1426.52,1428.2 1 4
github.com/abulo/ratel/elasticsearch/sqlparser/ast.go:1430.56,1432.2 1 2
github.com/abulo/ratel/elasticsearch/sqlparser/ast.go:1438.49,1439.25 1 944
github.com/abulo/ratel/elasticsearch/sqlparser/ast.go:1439.25,1441.3 1 551
github.com/abulo/ratel/elasticsearch/sqlparser/ast.go:1444.53,1446.2 1 479
github.com/abulo/ratel/elasticsearch/sqlparser/ast.go:1452.52,1454.25 2 831
github.com/abulo/ratel/elasticsearch/sqlparser/ast.go:1454.25,1457.3 2 882
github.com/abulo/ratel/elasticsearch/sqlparser/ast.go:1460.56,1461.25 1 417
github.com/abulo/ratel/elasticsearch/sqlparser/ast.go:1466.2,1466.12 1 417
github.com/abulo/ratel/elasticsearch/sqlparser/ast.go:1461.25,1462.40 1 448
github.com/abulo/ratel/elasticsearch/sqlparser/ast.go:1462.40,1464.4 1 0
github.com/abulo/ratel/elasticsearch/sqlparser/ast.go:1475.36,1475.37 0 0
github.com/abulo/ratel/elasticsearch/sqlparser/ast.go:1476.36,1476.37 0 0
github.com/abulo/ratel/elasticsearch/sqlparser/ast.go:1477.36,1477.37 0 0
github.com/abulo/ratel/elasticsearch/sqlparser/ast.go:1485.50,1486.31 1 104
github.com/abulo/ratel/elasticsearch/sqlparser/ast.go:1489.2,1489.19 1 104
github.com/abulo/ratel/elasticsearch/sqlparser/ast.go:1486.31,1488.3 1 9
github.com/abulo/ratel/elasticsearch/sqlparser/ast.go:1492.54,1493.17 1 103
github.com/abulo/ratel/elasticsearch/sqlparser/ast.go:1496.2,1499.3 1 103
github.com/abulo/ratel/elasticsearch/sqlparser/ast.go:1493.17,1495.3 1 0
github.com/abulo/ratel/elasticsearch/sqlparser/ast.go:1509.53,1511.24 2 773
github.com/abulo/ratel/elasticsearch/sqlparser/ast.go:1511.24,1513.3 1 21
github.com/abulo/ratel/elasticsearch/sqlparser/ast.go:1516.57,1517.17 1 343
github.com/abulo/ratel/elasticsearch/sqlparser/ast.go:1520.2,1524.3 1 343
github.com/abulo/ratel/elasticsearch/sqlparser/ast.go:1517.17,1519.3 1 0
github.com/abulo/ratel/elasticsearch/sqlparser/ast.go:1533.48,1535.2 1 9
github.com/abulo/ratel/elasticsearch/sqlparser/ast.go:1537.52,1539.2 1 4
github.com/abulo/ratel/elasticsearch/sqlparser/ast.go:1545.48,1546.17 1 73
github.com/abulo/ratel/elasticsearch/sqlparser/ast.go:1549.2,1550.25 2 36
github.com/abulo/ratel/elasticsearch/sqlparser/ast.go:1554.2,1554.22 1 36
github.com/abulo/ratel/elasticsearch/sqlparser/ast.go:1546.17,1548.3 1 37
github.com/abulo/ratel/elasticsearch/sqlparser/ast.go:1550.25,1553.3 2 63
github.com/abulo/ratel/elasticsearch/sqlparser/ast.go:1557.52,1558.25 1 60
github.com/abulo/ratel/elasticsearch/sqlparser/ast.go:1563.2,1563.12 1 60
github.com/abulo/ratel/elasticsearch/sqlparser/ast.go:1558.25,1559.40 1 26
github.com/abulo/ratel/elasticsearch/sqlparser/ast.go:1559.40,1561.4 1 0
github.com/abulo/ratel/elasticsearch/sqlparser/ast.go:1568.50,1569.31 1 4
github.com/abulo/ratel/elasticsearch/sqlparser/ast.go:1574.2,1574.11 1 1
github.com/abulo/ratel/elasticsearch/sqlparser/ast.go:1569.31,1570.25 1 12
github.com/abulo/ratel/elasticsearch/sqlparser/ast.go:1570.25,1572.4 1 3
github.com/abulo/ratel/elasticsearch/sqlparser/ast.go:1581.51,1582.17 1 977
github.com/abulo/ratel/elasticsearch/sqlparser/ast.go:1585.2,1586.25 2 16
github.com/abulo/ratel/elasticsearch/sqlparser/ast.go:1590.2,1590.22 1 16
github.com/abulo/ratel/elasticsearch/sqlparser/ast.go:1582.17,1584.3 1 961
github.com/abulo/ratel/elasticsearch/sqlparser/ast.go:1586.25,1589.3 2 18
github.com/abulo/ratel/elasticsearch/sqlparser/ast.go:1593.55,1594.25 1 0
github.com/abulo/ratel/elasticsearch/sqlparser/ast.go:1599.2,1599.12 1 0
github.com/abulo/ratel/elasticsearch/sqlparser/ast.go:1594.25,1595.40 1 0
github.com/abulo/ratel/elasticsearch/sqlparser/ast.go:1595.40,1597.4 1 0
github.com/abulo/ratel/elasticsearch/sqlparser/ast.go:1606.51,1608.25 2 825
github.com/abulo/ratel/elasticsearch/sqlparser/ast.go:1608.25,1611.3 2 843
github.com/abulo/ratel/elasticsearch/sqlparser/ast.go:1614.55,1615.25 1 422
github.com/abulo/ratel/elasticsearch/sqlparser/ast.go:1620.2,1620.12 1 422
github.com/abulo/ratel/elasticsearch/sqlparser/ast.go:1615.25,1616.40 1 431
github.com/abulo/ratel/elasticsearch/sqlparser/ast.go:1616.40,1618.4 1 0
github.com/abulo/ratel/elasticsearch/sqlparser/ast.go:1629.40,1629.41 0 0
github.com/abulo/ratel/elasticsearch/sqlparser/ast.go:1630.40,1630.41 0 0
github.com/abulo/ratel/elasticsearch/sqlparser/ast.go:1631.40,1631.41 0 0
github.com/abulo/ratel/elasticsearch/sqlparser/ast.go:1644.58,1646.24 2 900
github.com/abulo/ratel/elasticsearch/sqlparser/ast.go:1649.2,1649.23 1 900
github.com/abulo/ratel/elasticsearch/sqlparser/ast.go:1646.24,1648.3 1 47
github.com/abulo/ratel/elasticsearch/sqlparser/ast.go:1649.23,1652.3 1 18
github.com/abulo/ratel/elasticsearch/sqlparser/ast.go:1655.62,1656.17 1 459
github.com/abulo/ratel/elasticsearch/sqlparser/ast.go:1659.2,1664.3 1 459
github.com/abulo/ratel/elasticsearch/sqlparser/ast.go:1656.17,1658.3 1 0
github.com/abulo/ratel/elasticsearch/sqlparser/ast.go:1668.63,1672.2 3 2
github.com/abulo/ratel/elasticsearch/sqlparser/ast.go:1680.38,1680.39 0 0
github.com/abulo/ratel/elasticsearch/sqlparser/ast.go:1681.38,1681.39 0 0
github.com/abulo/ratel/elasticsearch/sqlparser/ast.go:1687.51,1689.25 2 6
github.com/abulo/ratel/elasticsearch/sqlparser/ast.go:1689.25,1692.3 2 10
github.com/abulo/ratel/elasticsearch/sqlparser/ast.go:1695.55,1696.25 1 9
github.com/abulo/ratel/elasticsearch/sqlparser/ast.go:1701.2,1701.12 1 9
github.com/abulo/ratel/elasticsearch/sqlparser/ast.go:1696.25,1697.40 1 5
github.com/abulo/ratel/elasticsearch/sqlparser/ast.go:1697.40,1699.4 1 0
github.com/abulo/ratel/elasticsearch/sqlparser/ast.go:1714.50,1715.20 1 1245
github.com/abulo/ratel/elasticsearch/sqlparser/ast.go:1718.2,1718.31 1 1245
github.com/abulo/ratel/elasticsearch/sqlparser/ast.go:1721.2,1721.31 1 1245
github.com/abulo/ratel/elasticsearch/sqlparser/ast.go:1715.20,1717.3 1 0
github.com/abulo/ratel/elasticsearch/sqlparser/ast.go:1718.31,1720.3 1 18
github.com/abulo/ratel/elasticsearch/sqlparser/ast.go:1724.54,1730.2 1 1248
github.com/abulo/ratel/elasticsearch/sqlparser/ast.go:1733.38,1736.2 1 2275
github.com/abulo/ratel/elasticsearch/sqlparser/ast.go:1741.46,1746.2 1 19
github.com/abulo/ratel/elasticsearch/sqlparser/ast.go:1754.56,1756.2 1 8
github.com/abulo/ratel/elasticsearch/sqlparser/ast.go:1758.60,1759.17 1 4
github.com/abulo/ratel/elasticsearch/sqlparser/ast.go:1762.2,1765.3 1 4
github.com/abulo/ratel/elasticsearch/sqlparser/ast.go:1759.17,1761.3 1 0
github.com/abulo/ratel/elasticsearch/sqlparser/ast.go:1776.54,1777.20 1 65
github.com/abulo/ratel/elasticsearch/sqlparser/ast.go:1780.2,1780.23 1 65
github.com/abulo/ratel/elasticsearch/sqlparser/ast.go:1777.20,1779.3 1 25
github.com/abulo/ratel/elasticsearch/sqlparser/ast.go:1780.23,1782.3 1 14
github.com/abulo/ratel/elasticsearch/sqlparser/ast.go:1785.58,1791.2 1 32
github.com/abulo/ratel/elasticsearch/sqlparser/ast.go:1813.55,1815.2 1 65
github.com/abulo/ratel/elasticsearch/sqlparser/ast.go:1817.59,1818.17 1 32
github.com/abulo/ratel/elasticsearch/sqlparser/ast.go:1821.2,1826.3 1 32
github.com/abulo/ratel/elasticsearch/sqlparser/ast.go:1818.17,1820.3 1 0
github.com/abulo/ratel/elasticsearch/sqlparser/ast.go:1843.52,1846.33 3 18
github.com/abulo/ratel/elasticsearch/sqlparser/ast.go:1850.2,1850.19 1 18
github.com/abulo/ratel/elasticsearch/sqlparser/ast.go:1846.33,1849.3 2 18
github.com/abulo/ratel/elasticsearch/sqlparser/ast.go:1853.56,1854.17 1 459
github.com/abulo/ratel/elasticsearch/sqlparser/ast.go:1857.2,1857.33 1 8
github.com/abulo/ratel/elasticsearch/sqlparser/ast.go:1862.2,1862.12 1 8
github.com/abulo/ratel/elasticsearch/sqlparser/ast.go:1854.17,1856.3 1 451
github.com/abulo/ratel/elasticsearch/sqlparser/ast.go:1857.33,1858.40 1 8
github.com/abulo/ratel/elasticsearch/sqlparser/ast.go:1858.40,1860.4 1 0
github.com/abulo/ratel/elasticsearch/sqlparser/ast.go:1879.45,1880.17 1 1798
github.com/abulo/ratel/elasticsearch/sqlparser/ast.go:1883.2,1883.38 1 305
github.com/abulo/ratel/elasticsearch/sqlparser/ast.go:1880.17,1882.3 1 1493
github.com/abulo/ratel/elasticsearch/sqlparser/ast.go:1887.47,1888.37 1 1575
github.com/abulo/ratel/elasticsearch/sqlparser/ast.go:1891.2,1891.46 1 263
github.com/abulo/ratel/elasticsearch/sqlparser/ast.go:1888.37,1890.3 1 1312
github.com/abulo/ratel/elasticsearch/sqlparser/ast.go:1894.51,1895.17 1 804
github.com/abulo/ratel/elasticsearch/sqlparser/ast.go:1898.2,1901.3 1 187
github.com/abulo/ratel/elasticsearch/sqlparser/ast.go:1895.17,1897.3 1 617
github.com/abulo/ratel/elasticsearch/sqlparser/ast.go:1914.35,1914.36 0 0
github.com/abulo/ratel/elasticsearch/sqlparser/ast.go:1915.35,1915.36 0 0
github.com/abulo/ratel/elasticsearch/sqlparser/ast.go:1916.35,1916.36 0 0
github.com/abulo/ratel/elasticsearch/sqlparser/ast.go:1917.35,1917.36 0 0
github.com/abulo/ratel/elasticsearch/sqlparser/ast.go:1918.35,1918.36 0 0
github.com/abulo/ratel/elasticsearch/sqlparser/ast.go:1919.35,1919.36 0 0
github.com/abulo/ratel/elasticsearch/sqlparser/ast.go:1920.35,1920.36 0 0
github.com/abulo/ratel/elasticsearch/sqlparser/ast.go:1921.35,1921.36 0 0
github.com/abulo/ratel/elasticsearch/sqlparser/ast.go:1922.35,1922.36 0 0
github.com/abulo/ratel/elasticsearch/sqlparser/ast.go:1923.35,1923.36 0 0
github.com/abulo/ratel/elasticsearch/sqlparser/ast.go:1924.35,1924.36 0 0
github.com/abulo/ratel/elasticsearch/sqlparser/ast.go:1925.35,1925.36 0 0
github.com/abulo/ratel/elasticsearch/sqlparser/ast.go:1926.35,1926.36 0 0
github.com/abulo/ratel/elasticsearch/sqlparser/ast.go:1927.35,1927.36 0 0
github.com/abulo/ratel/elasticsearch/sqlparser/ast.go:1928.35,1928.36 0 0
github.com/abulo/ratel/elasticsearch/sqlparser/ast.go:1929.35,1929.36 0 0
github.com/abulo/ratel/elasticsearch/sqlparser/ast.go:1930.35,1930.36 0 0
github.com/abulo/ratel/elasticsearch/sqlparser/ast.go:1931.35,1931.36 0 0
github.com/abulo/ratel/elasticsearch/sqlparser/ast.go:1932.35,1932.36 0 0
github.com/abulo/ratel/elasticsearch/sqlparser/ast.go:1933.35,1933.36 0 0
github.com/abulo/ratel/elasticsearch/sqlparser/ast.go:1934.35,1934.36 0 0
github.com/abulo/ratel/elasticsearch/sqlparser/ast.go:1935.35,1935.36 0 0
github.com/abulo/ratel/elasticsearch/sqlparser/ast.go:1936.35,1936.36 0 0
github.com/abulo/ratel/elasticsearch/sqlparser/ast.go:1937.35,1937.36 0 0
github.com/abulo/ratel/elasticsearch/sqlparser/ast.go:1938.35,1938.36 0 0
github.com/abulo/ratel/elasticsearch/sqlparser/ast.go:1939.35,1939.36 0 0
github.com/abulo/ratel/elasticsearch/sqlparser/ast.go:1940.35,1940.36 0 0
github.com/abulo/ratel/elasticsearch/sqlparser/ast.go:1941.35,1941.36 0 0
github.com/abulo/ratel/elasticsearch/sqlparser/ast.go:1946.44,1947.18 1 39
github.com/abulo/ratel/elasticsearch/sqlparser/ast.go:1950.2,1951.13 2 38
github.com/abulo/ratel/elasticsearch/sqlparser/ast.go:1947.18,1949.3 1 1
github.com/abulo/ratel/elasticsearch/sqlparser/ast.go:1956.55,1957.29 1 53
github.com/abulo/ratel/elasticsearch/sqlparser/ast.go:1969.2,1969.14 1 14
github.com/abulo/ratel/elasticsearch/sqlparser/ast.go:1957.29,1958.19 1 72
github.com/abulo/ratel/elasticsearch/sqlparser/ast.go:1961.3,1961.20 1 72
github.com/abulo/ratel/elasticsearch/sqlparser/ast.go:1965.3,1965.32 1 35
github.com/abulo/ratel/elasticsearch/sqlparser/ast.go:1958.19,1959.12 1 0
github.com/abulo/ratel/elasticsearch/sqlparser/ast.go:1961.20,1964.4 2 37
github.com/abulo/ratel/elasticsearch/sqlparser/ast.go:1965.32,1967.4 1 2
github.com/abulo/ratel/elasticsearch/sqlparser/ast.go:1977.46,1979.25 2 70
github.com/abulo/ratel/elasticsearch/sqlparser/ast.go:1979.25,1982.3 2 134
github.com/abulo/ratel/elasticsearch/sqlparser/ast.go:1985.50,1986.25 1 39
github.com/abulo/ratel/elasticsearch/sqlparser/ast.go:1991.2,1991.12 1 39
github.com/abulo/ratel/elasticsearch/sqlparser/ast.go:1986.25,1987.40 1 77
github.com/abulo/ratel/elasticsearch/sqlparser/ast.go:1987.40,1989.4 1 0
github.com/abulo/ratel/elasticsearch/sqlparser/ast.go:2000.49,2002.2 1 27
github.com/abulo/ratel/elasticsearch/sqlparser/ast.go:2004.53,2005.17 1 26
github.com/abulo/ratel/elasticsearch/sqlparser/ast.go:2008.2,2012.3 1 26
github.com/abulo/ratel/elasticsearch/sqlparser/ast.go:2005.17,2007.3 1 0
github.com/abulo/ratel/elasticsearch/sqlparser/ast.go:2015.50,2017.2 1 2
github.com/abulo/ratel/elasticsearch/sqlparser/ast.go:2025.48,2027.2 1 16
github.com/abulo/ratel/elasticsearch/sqlparser/ast.go:2029.52,2030.17 1 8
github.com/abulo/ratel/elasticsearch/sqlparser/ast.go:2033.2,2037.3 1 8
github.com/abulo/ratel/elasticsearch/sqlparser/ast.go:2030.17,2032.3 1 0
github.com/abulo/ratel/elasticsearch/sqlparser/ast.go:2040.49,2042.2 1 2
github.com/abulo/ratel/elasticsearch/sqlparser/ast.go:2050.49,2052.2 1 5
github.com/abulo/ratel/elasticsearch/sqlparser/ast.go:2054.53,2055.17 1 3
github.com/abulo/ratel/elasticsearch/sqlparser/ast.go:2058.2,2061.3 1 3
github.com/abulo/ratel/elasticsearch/sqlparser/ast.go:2055.17,2057.3 1 0
github.com/abulo/ratel/elasticsearch/sqlparser/ast.go:2064.50,2066.2 1 1
github.com/abulo/ratel/elasticsearch/sqlparser/ast.go:2074.51,2076.2 1 36
github.com/abulo/ratel/elasticsearch/sqlparser/ast.go:2078.55,2079.17 1 16
github.com/abulo/ratel/elasticsearch/sqlparser/ast.go:2082.2,2085.3 1 16
github.com/abulo/ratel/elasticsearch/sqlparser/ast.go:2079.17,2081.3 1 0
github.com/abulo/ratel/elasticsearch/sqlparser/ast.go:2088.52,2090.2 1 1
github.com/abulo/ratel/elasticsearch/sqlparser/ast.go:2119.56,2121.24 2 323
github.com/abulo/ratel/elasticsearch/sqlparser/ast.go:2121.24,2123.3 1 5
github.com/abulo/ratel/elasticsearch/sqlparser/ast.go:2126.60,2127.17 1 182
github.com/abulo/ratel/elasticsearch/sqlparser/ast.go:2130.2,2135.3 1 182
github.com/abulo/ratel/elasticsearch/sqlparser/ast.go:2127.17,2129.3 1 0
github.com/abulo/ratel/elasticsearch/sqlparser/ast.go:2138.57,2140.2 1 5
github.com/abulo/ratel/elasticsearch/sqlparser/ast.go:2156.51,2158.2 1 7
[...]
github.com/abulo/ratel/elasticsearch/sqlparser/sql.go:3348.0,3351.0 1 2
github.com/abulo/ratel/elasticsearch/sqlparser/sql.go:3355.0,3357.0 1 16
github.com/abulo/ratel/elasticsearch/sqlparser/sql.go:3361.0,3363.0 1 2
github.com/abulo/ratel/elasticsearch/sqlparser/sql.go:3367.0,3370.0 1 2
github.com/abulo/ratel/elasticsearch/sqlparser/sql.go:3374.0,3376.0 1 18
github.com/abulo/ratel/elasticsearch/sqlparser/sql.go:3380.0,3382.0 1 2
github.com/abulo/ratel/elasticsearch/sqlparser/sql.go:3386.0,3388.0 1 17
github.com/abulo/ratel/elasticsearch/sqlparser/sql.go:3392.0,3394.0 1 2
github.com/abulo/ratel/elasticsearch/sqlparser/sql.go:3398.0,3400.0 1 52
github.com/abulo/ratel/elasticsearch/sqlparser/sql.go:3404.0,3406.0 1 11
github.com/abulo/ratel/elasticsearch/sqlparser/sql.go:3410.0,3412.0 1 47
github.com/abulo/ratel/elasticsearch/sqlparser/sql.go:3416.0,3418.0 1 4
github.com/abulo/ratel/elasticsearch/sqlparser/sql.go:3422.0,3424.0 1 49
github.com/abulo/ratel/elasticsearch/sqlparser/sql.go:3428.0,3430.0 1 2
github.com/abulo/ratel/elasticsearch/sqlparser/sql.go:3434.0,3436.0 1 103
github.com/abulo/ratel/elasticsearch/sqlparser/sql.go:3440.0,3441.0 1 38
github.com/abulo/ratel/elasticsearch/sqlparser/sql.go:3441.0,3443.0 1 32
github.com/abulo/ratel/elasticsearch/sqlparser/sql.go:3443.0,3445.0 1 6
github.com/abulo/ratel/elasticsearch/sqlparser/sql.go:3450.0,3452.0 1 65
github.com/abulo/ratel/elasticsearch/sqlparser/sql.go:3456.0,3458.0 1 20
github.com/abulo/ratel/elasticsearch/sqlparser/sql.go:3462.0,3464.0 1 85
github.com/abulo/ratel/elasticsearch/sqlparser/sql.go:3468.0,3470.0 1 76
github.com/abulo/ratel/elasticsearch/sqlparser/sql.go:3474.0,3476.0 1 8
github.com/abulo/ratel/elasticsearch/sqlparser/sql.go:3480.0,3482.0 1 1
github.com/abulo/ratel/elasticsearch/sqlparser/sql.go:3486.0,3488.0 1 63
github.com/abulo/ratel/elasticsearch/sqlparser/sql.go:3492.0,3494.0 1 20
github.com/abulo/ratel/elasticsearch/sqlparser/sql.go:3498.0,3500.0 1 9
github.com/abulo/ratel/elasticsearch/sqlparser/sql.go:3504.0,3506.0 1 8
github.com/abulo/ratel/elasticsearch/sqlparser/sql.go:3510.0,3512.0 1 9
github.com/abulo/ratel/elasticsearch/sqlparser/sql.go:3516.0,3518.0 1 3
github.com/abulo/ratel/elasticsearch/sqlparser/sql.go:3522.0,3524.0 1 10
github.com/abulo/ratel/elasticsearch/sqlparser/sql.go:3528.0,3530.0 1 8
github.com/abulo/ratel/elasticsearch/sqlparser/sql.go:3534.0,3536.0 1 33
github.com/abulo/ratel/elasticsearch/sqlparser/sql.go:3540.0,3542.0 1 4
github.com/abulo/ratel/elasticsearch/sqlparser/sql.go:3546.0,3548.0 1 178
github.com/abulo/ratel/elasticsearch/sqlparser/sql.go:3552.0,3554.0 1 2
github.com/abulo/ratel/elasticsearch/sqlparser/sql.go:3558.0,3560.0 1 2
github.com/abulo/ratel/elasticsearch/sqlparser/sql.go:3564.0,3566.0 1 2
github.com/abulo/ratel/elasticsearch/sqlparser/sql.go:3570.0,3572.0 1 2
github.com/abulo/ratel/elasticsearch/sqlparser/sql.go:3576.0,3578.0 1 2
github.com/abulo/ratel/elasticsearch/sqlparser/sql.go:3582.0,3584.0 1 4
github.com/abulo/ratel/elasticsearch/sqlparser/sql.go:3588.0,3590.0 1 2
github.com/abulo/ratel/elasticsearch/sqlparser/sql.go:3594.0,3596.0 1 1
github.com/abulo/ratel/elasticsearch/sqlparser/sql.go:3600.0,3602.0 1 2
github.com/abulo/ratel/elasticsearch/sqlparser/sql.go:3606.0,3608.0 1 2
github.com/abulo/ratel/elasticsearch/sqlparser/sql.go:3612.0,3614.0 1 11
github.com/abulo/ratel/elasticsearch/sqlparser/sql.go:3618.0,3620.0 1 4
github.com/abulo/ratel/elasticsearch/sqlparser/sql.go:3624.0,3626.0 1 3
github.com/abulo/ratel/elasticsearch/sqlparser/sql.go:3630.0,3632.0 1 2
github.com/abulo/ratel/elasticsearch/sqlparser/sql.go:3636.0,3638.0 1 2
github.com/abulo/ratel/elasticsearch/sqlparser/sql.go:3642.0,3644.0 1 2
github.com/abulo/ratel/elasticsearch/sqlparser/sql.go:3648.0,3650.0 1 3
github.com/abulo/ratel/elasticsearch/sqlparser/sql.go:3654.0,3656.0 1 4
github.com/abulo/ratel/elasticsearch/sqlparser/sql.go:3660.0,3662.0 1 4
github.com/abulo/ratel/elasticsearch/sqlparser/sql.go:3666.0,3668.0 1 5
github.com/abulo/ratel/elasticsearch/sqlparser/sql.go:3672.0,3674.0 1 6
github.com/abulo/ratel/elasticsearch/sqlparser/sql.go:3678.0,3680.0 1 2192
github.com/abulo/ratel/elasticsearch/sqlparser/sql.go:3684.0,3686.0 1 36
github.com/abulo/ratel/elasticsearch/sqlparser/sql.go:3690.0,3692.0 1 45
github.com/abulo/ratel/elasticsearch/sqlparser/sql.go:3696.0,3698.0 1 1494
github.com/abulo/ratel/elasticsearch/sqlparser/sql.go:3702.0,3704.0 1 2
github.com/abulo/ratel/elasticsearch/sqlparser/sql.go:3708.0,3710.0 1 0
github.com/abulo/ratel/elasticsearch/sqlparser/sql.go:3714.0,3715.0 1 1193
github.com/abulo/ratel/elasticsearch/sqlparser/sql.go:3715.0,3718.0 2 2
github.com/abulo/ratel/elasticsearch/sqlparser/sql.go:3723.0,3725.0 1 383
github.com/abulo/ratel/elasticsearch/sqlparser/sql.go:3729.0,3731.0 1 90
github.com/abulo/ratel/elasticsearch/sqlparser/sql.go:3735.0,3737.0 1 74
github.com/abulo/ratel/elasticsearch/sqlparser/sql.go:3741.0,3743.0 1 0
github.com/abulo/ratel/elasticsearch/sqlparser/sql.go:3747.0,3749.0 1 57
github.com/abulo/ratel/elasticsearch/sqlparser/token.go:58.48,64.2 2 903
github.com/abulo/ratel/elasticsearch/sqlparser/token.go:68.43,73.2 1 1
github.com/abulo/ratel/elasticsearch/sqlparser/token.go:400.13,401.32 1 1
github.com/abulo/ratel/elasticsearch/sqlparser/token.go:401.32,402.19 1 309
github.com/abulo/ratel/elasticsearch/sqlparser/token.go:405.3,405.27 1 205
github.com/abulo/ratel/elasticsearch/sqlparser/token.go:402.19,403.12 1 104
github.com/abulo/ratel/elasticsearch/sqlparser/token.go:410.35,412.9 2 0
github.com/abulo/ratel/elasticsearch/sqlparser/token.go:415.2,415.12 1 0
github.com/abulo/ratel/elasticsearch/sqlparser/token.go:412.9,414.3 1 0
github.com/abulo/ratel/elasticsearch/sqlparser/token.go:420.48,422.21 2 15424
github.com/abulo/ratel/elasticsearch/sqlparser/token.go:428.2,430.12 3 15424
github.com/abulo/ratel/elasticsearch/sqlparser/token.go:422.21,423.24 1 586
github.com/abulo/ratel/elasticsearch/sqlparser/token.go:426.3,426.24 1 12
github.com/abulo/ratel/elasticsearch/sqlparser/token.go:423.24,424.9 1 574
github.com/abulo/ratel/elasticsearch/sqlparser/token.go:434.41,436.26 2 77
github.com/abulo/ratel/elasticsearch/sqlparser/token.go:441.2,444.25 2 77
github.com/abulo/ratel/elasticsearch/sqlparser/token.go:436.26,438.3 1 57
github.com/abulo/ratel/elasticsearch/sqlparser/token.go:438.8,440.3 1 20
github.com/abulo/ratel/elasticsearch/sqlparser/token.go:444.25,446.3 1 69
github.com/abulo/ratel/elasticsearch/sqlparser/token.go:451.44,452.31 1 15652
github.com/abulo/ratel/elasticsearch/sqlparser/token.go:464.2,464.23 1 15632
github.com/abulo/ratel/elasticsearch/sqlparser/token.go:468.2,468.18 1 15632
github.com/abulo/ratel/elasticsearch/sqlparser/token.go:473.2,474.29 2 15485
github.com/abulo/ratel/elasticsearch/sqlparser/token.go:452.31,457.15 3 30
github.com/abulo/ratel/elasticsearch/sqlparser/token.go:462.3,462.27 1 10
github.com/abulo/ratel/elasticsearch/sqlparser/token.go:457.15,460.4 1 20
github.com/abulo/ratel/elasticsearch/sqlparser/token.go:464.23,466.3 1 904
github.com/abulo/ratel/elasticsearch/sqlparser/token.go:468.18,471.3 2 147
github.com/abulo/ratel/elasticsearch/sqlparser/token.go:475.20,477.29 2 9266
github.com/abulo/ratel/elasticsearch/sqlparser/token.go:483.3,483.29 1 9258
github.com/abulo/ratel/elasticsearch/sqlparser/token.go:489.3,490.39 2 9253
github.com/abulo/ratel/elasticsearch/sqlparser/token.go:493.3,493.58 1 9253
github.com/abulo/ratel/elasticsearch/sqlparser/token.go:494.19,495.31 1 833
github.com/abulo/ratel/elasticsearch/sqlparser/token.go:496.17,497.27 1 41
github.com/abulo/ratel/elasticsearch/sqlparser/token.go:498.30,499.16 1 470
github.com/abulo/ratel/elasticsearch/sqlparser/token.go:500.10,502.13 2 4875
github.com/abulo/ratel/elasticsearch/sqlparser/token.go:477.29,478.28 1 14
github.com/abulo/ratel/elasticsearch/sqlparser/token.go:478.28,481.5 2 8
github.com/abulo/ratel/elasticsearch/sqlparser/token.go:483.29,484.28 1 571
github.com/abulo/ratel/elasticsearch/sqlparser/token.go:484.28,487.5 2 5
github.com/abulo/ratel/elasticsearch/sqlparser/token.go:490.39,492.4 1 18
github.com/abulo/ratel/elasticsearch/sqlparser/token.go:503.16,504.17 1 757
github.com/abulo/ratel/elasticsearch/sqlparser/token.go:505.57,506.23 1 2971
github.com/abulo/ratel/elasticsearch/sqlparser/token.go:507.12,508.27 1 6
github.com/abulo/ratel/elasticsearch/sqlparser/token.go:512.4,512.23 1 4
github.com/abulo/ratel/elasticsearch/sqlparser/token.go:513.12,514.27 1 4
github.com/abulo/ratel/elasticsearch/sqlparser/token.go:518.4,518.23 1 2
github.com/abulo/ratel/elasticsearch/sqlparser/token.go:519.12,523.33 4 8
github.com/abulo/ratel/elasticsearch/sqlparser/token.go:524.12,525.29 1 116
github.com/abulo/ratel/elasticsearch/sqlparser/token.go:528.4,528.23 1 114
github.com/abulo/ratel/elasticsearch/sqlparser/token.go:529.12,530.24 1 592
github.com/abulo/ratel/elasticsearch/sqlparser/token.go:545.12,546.36 1 6
github.com/abulo/ratel/elasticsearch/sqlparser/token.go:547.12,548.24 1 31
github.com/abulo/ratel/elasticsearch/sqlparser/token.go:560.4,560.23 1 21
github.com/abulo/ratel/elasticsearch/sqlparser/token.go:561.12,562.24 1 18
github.com/abulo/ratel/elasticsearch/sqlparser/token.go:581.12,582.24 1 20
github.com/abulo/ratel/elasticsearch/sqlparser/token.go:592.12,593.27 1 10
github.com/abulo/ratel/elasticsearch/sqlparser/token.go:597.4,597.23 1 2
github.com/abulo/ratel/elasticsearch/sqlparser/token.go:598.18,599.37 1 242
github.com/abulo/ratel/elasticsearch/sqlparser/token.go:600.12,601.38 1 92
github.com/abulo/ratel/elasticsearch/sqlparser/token.go:602.11,603.38 1 2
github.com/abulo/ratel/elasticsearch/sqlparser/token.go:508.27,511.5 2 2
github.com/abulo/ratel/elasticsearch/sqlparser/token.go:514.27,517.5 2 2
github.com/abulo/ratel/elasticsearch/sqlparser/token.go:525.29,527.5 1 2
github.com/abulo/ratel/elasticsearch/sqlparser/token.go:531.13,533.38 2 2
github.com/abulo/ratel/elasticsearch/sqlparser/token.go:534.13,536.25 2 588
github.com/abulo/ratel/elasticsearch/sqlparser/token.go:542.12,543.24 1 2
github.com/abulo/ratel/elasticsearch/sqlparser/token.go:537.14,538.43 1 10
github.com/abulo/ratel/elasticsearch/sqlparser/token.go:539.13,540.35 1 578
github.com/abulo/ratel/elasticsearch/sqlparser/token.go:549.13,551.38 2 6
github.com/abulo/ratel/elasticsearch/sqlparser/token.go:552.13,554.28 2 4
github.com/abulo/ratel/elasticsearch/sqlparser/token.go:558.5,558.32 1 2
github.com/abulo/ratel/elasticsearch/sqlparser/token.go:554.28,557.6 2 2
github.com/abulo/ratel/elasticsearch/sqlparser/token.go:563.13,565.19 2 2
github.com/abulo/ratel/elasticsearch/sqlparser/token.go:566.13,568.27 2 2
github.com/abulo/ratel/elasticsearch/sqlparser/token.go:569.13,571.25 2 8
github.com/abulo/ratel/elasticsearch/sqlparser/token.go:578.12,579.24 1 6
github.com/abulo/ratel/elasticsearch/sqlparser/token.go:572.14,574.33 2 2
github.com/abulo/ratel/elasticsearch/sqlparser/token.go:575.13,576.20 1 6
github.com/abulo/ratel/elasticsearch/sqlparser/token.go:583.13,585.19 2 6
github.com/abulo/ratel/elasticsearch/sqlparser/token.go:586.13,588.28 2 2
github.com/abulo/ratel/elasticsearch/sqlparser/token.go:589.12,590.24 1 12
github.com/abulo/ratel/elasticsearch/sqlparser/token.go:593.27,596.5 2 8
github.com/abulo/ratel/elasticsearch/sqlparser/token.go:609.39,611.33 2 216
github.com/abulo/ratel/elasticsearch/sqlparser/token.go:611.33,614.3 2 1438
github.com/abulo/ratel/elasticsearch/sqlparser/token.go:617.35,619.58 2 16054
github.com/abulo/ratel/elasticsearch/sqlparser/token.go:619.58,622.3 2 9355
github.com/abulo/ratel/elasticsearch/sqlparser/token.go:625.93,628.103 3 9253
github.com/abulo/ratel/elasticsearch/sqlparser/token.go:632.2,634.53 3 9253
github.com/abulo/ratel/elasticsearch/sqlparser/token.go:638.2,638.26 1 3948
github.com/abulo/ratel/elasticsearch/sqlparser/token.go:641.2,641.27 1 3921
github.com/abulo/ratel/elasticsearch/sqlparser/token.go:628.103,631.3 2 26220
github.com/abulo/ratel/elasticsearch/sqlparser/token.go:634.53,636.3 1 5305
github.com/abulo/ratel/elasticsearch/sqlparser/token.go:638.26,640.3 1 27
github.com/abulo/ratel/elasticsearch/sqlparser/token.go:644.47,647.26 3 8
github.com/abulo/ratel/elasticsearch/sqlparser/token.go:650.2,651.25 2 6
github.com/abulo/ratel/elasticsearch/sqlparser/token.go:654.2,654.28 1 4
github.com/abulo/ratel/elasticsearch/sqlparser/token.go:647.26,649.3 1 2
github.com/abulo/ratel/elasticsearch/sqlparser/token.go:651.25,653.3 1 2
github.com/abulo/ratel/elasticsearch/sqlparser/token.go:657.54,660.26 3 5
github.com/abulo/ratel/elasticsearch/sqlparser/token.go:663.2,664.36 2 5
github.com/abulo/ratel/elasticsearch/sqlparser/token.go:660.26,662.3 1 0
github.com/abulo/ratel/elasticsearch/sqlparser/token.go:667.61,670.6 3 92
github.com/abulo/ratel/elasticsearch/sqlparser/token.go:692.2,692.23 1 90
github.com/abulo/ratel/elasticsearch/sqlparser/token.go:695.2,695.27 1 89
github.com/abulo/ratel/elasticsearch/sqlparser/token.go:670.6,671.19 1 577
github.com/abulo/ratel/elasticsearch/sqlparser/token.go:681.3,681.23 1 478
github.com/abulo/ratel/elasticsearch/sqlparser/token.go:690.3,690.13 1 476
github.com/abulo/ratel/elasticsearch/sqlparser/token.go:671.19,672.27 1 99
github.com/abulo/ratel/elasticsearch/sqlparser/token.go:675.4,678.12 4 9
github.com/abulo/ratel/elasticsearch/sqlparser/token.go:672.27,673.10 1 90
github.com/abulo/ratel/elasticsearch/sqlparser/token.go:682.12,683.23 1 99
github.com/abulo/ratel/elasticsearch/sqlparser/token.go:684.16,686.36 1 2
github.com/abulo/ratel/elasticsearch/sqlparser/token.go:687.11,688.40 1 377
github.com/abulo/ratel/elasticsearch/sqlparser/token.go:692.23,694.3 1 1
github.com/abulo/ratel/elasticsearch/sqlparser/token.go:698.51,703.25 5 41
github.com/abulo/ratel/elasticsearch/sqlparser/token.go:708.2,708.29 1 41
github.com/abulo/ratel/elasticsearch/sqlparser/token.go:711.2,711.77 1 31
github.com/abulo/ratel/elasticsearch/sqlparser/token.go:715.2,715.30 1 31
github.com/abulo/ratel/elasticsearch/sqlparser/token.go:703.25,707.3 3 13
github.com/abulo/ratel/elasticsearch/sqlparser/token.go:708.29,710.3 1 10
github.com/abulo/ratel/elasticsearch/sqlparser/token.go:711.77,714.3 2 95
github.com/abulo/ratel/elasticsearch/sqlparser/token.go:718.69,719.36 1 872
github.com/abulo/ratel/elasticsearch/sqlparser/token.go:719.36,721.3 1 981
github.com/abulo/ratel/elasticsearch/sqlparser/token.go:724.71,727.22 3 835
github.com/abulo/ratel/elasticsearch/sqlparser/token.go:735.2,735.25 1 833
github.com/abulo/ratel/elasticsearch/sqlparser/token.go:745.2,747.25 2 826
github.com/abulo/ratel/elasticsearch/sqlparser/token.go:754.2,754.48 1 828
github.com/abulo/ratel/elasticsearch/sqlparser/token.go:765.2,765.28 1 835
github.com/abulo/ratel/elasticsearch/sqlparser/token.go:769.2,769.30 1 833
github.com/abulo/ratel/elasticsearch/sqlparser/token.go:727.22,731.16 4 2
github.com/abulo/ratel/elasticsearch/sqlparser/token.go:735.25,737.49 2 37
github.com/abulo/ratel/elasticsearch/sqlparser/token.go:737.49,741.13 4 7
github.com/abulo/ratel/elasticsearch/sqlparser/token.go:747.25,751.3 3 18
github.com/abulo/ratel/elasticsearch/sqlparser/token.go:754.48,757.49 3 6
github.com/abulo/ratel/elasticsearch/sqlparser/token.go:760.3,760.31 1 6
github.com/abulo/ratel/elasticsearch/sqlparser/token.go:757.49,759.4 1 4
github.com/abulo/ratel/elasticsearch/sqlparser/token.go:765.28,767.3 1 2
github.com/abulo/ratel/elasticsearch/sqlparser/token.go:772.71,774.6 2 242
github.com/abulo/ratel/elasticsearch/sqlparser/token.go:828.2,828.28 1 235
github.com/abulo/ratel/elasticsearch/sqlparser/token.go:774.6,776.20 2 284
github.com/abulo/ratel/elasticsearch/sqlparser/token.go:781.3,781.32 1 279
github.com/abulo/ratel/elasticsearch/sqlparser/token.go:806.3,808.17 2 277
github.com/abulo/ratel/elasticsearch/sqlparser/token.go:824.3,825.13 2 40
github.com/abulo/ratel/elasticsearch/sqlparser/token.go:776.20,779.4 1 5
github.com/abulo/ratel/elasticsearch/sqlparser/token.go:781.32,786.49 3 238
github.com/abulo/ratel/elasticsearch/sqlparser/token.go:793.4,796.33 3 238
github.com/abulo/ratel/elasticsearch/sqlparser/token.go:803.4,804.18 2 236
github.com/abulo/ratel/elasticsearch/sqlparser/token.go:786.49,788.34 2 2013
github.com/abulo/ratel/elasticsearch/sqlparser/token.go:788.34,789.11 1 236
github.com/abulo/ratel/elasticsearch/sqlparser/token.go:796.33,800.13 2 2
github.com/abulo/ratel/elasticsearch/sqlparser/token.go:808.17,809.31 1 36
github.com/abulo/ratel/elasticsearch/sqlparser/token.go:813.4,813.100 1 34
github.com/abulo/ratel/elasticsearch/sqlparser/token.go:809.31,812.5 1 2
github.com/abulo/ratel/elasticsearch/sqlparser/token.go:813.100,815.5 1 2
github.com/abulo/ratel/elasticsearch/sqlparser/token.go:815.10,817.5 1 32
github.com/abulo/ratel/elasticsearch/sqlparser/token.go:819.9,819.50 1 241
github.com/abulo/ratel/elasticsearch/sqlparser/token.go:819.50,821.9 1 235
github.com/abulo/ratel/elasticsearch/sqlparser/token.go:831.69,834.30 3 14
github.com/abulo/ratel/elasticsearch/sqlparser/token.go:841.2,841.32 1 14
github.com/abulo/ratel/elasticsearch/sqlparser/token.go:834.30,835.27 1 79
github.com/abulo/ratel/elasticsearch/sqlparser/token.go:839.3,839.26 1 66
github.com/abulo/ratel/elasticsearch/sqlparser/token.go:835.27,837.9 2 13
github.com/abulo/ratel/elasticsearch/sqlparser/token.go:844.56,847.6 3 578
github.com/abulo/ratel/elasticsearch/sqlparser/token.go:861.2,861.32 1 577
github.com/abulo/ratel/elasticsearch/sqlparser/token.go:847.6,848.26 1 8745
github.com/abulo/ratel/elasticsearch/sqlparser/token.go:856.3,856.30 1 8154
github.com/abulo/ratel/elasticsearch/sqlparser/token.go:859.3,859.26 1 8153
github.com/abulo/ratel/elasticsearch/sqlparser/token.go:848.26,850.27 2 591
github.com/abulo/ratel/elasticsearch/sqlparser/token.go:854.4,854.12 1 14
github.com/abulo/ratel/elasticsearch/sqlparser/token.go:850.27,852.10 2 577
github.com/abulo/ratel/elasticsearch/sqlparser/token.go:856.30,858.4 1 1
github.com/abulo/ratel/elasticsearch/sqlparser/token.go:864.64,868.6 4 10
github.com/abulo/ratel/elasticsearch/sqlparser/token.go:882.2,884.19 3 10
github.com/abulo/ratel/elasticsearch/sqlparser/token.go:868.6,869.26 1 110
github.com/abulo/ratel/elasticsearch/sqlparser/token.go:877.3,877.30 1 94
github.com/abulo/ratel/elasticsearch/sqlparser/token.go:880.3,880.26 1 94
github.com/abulo/ratel/elasticsearch/sqlparser/token.go:869.26,871.27 2 16
github.com/abulo/ratel/elasticsearch/sqlparser/token.go:875.4,875.12 1 6
github.com/abulo/ratel/elasticsearch/sqlparser/token.go:871.27,873.10 2 10
github.com/abulo/ratel/elasticsearch/sqlparser/token.go:877.30,879.4 1 0
github.com/abulo/ratel/elasticsearch/sqlparser/token.go:887.58,888.29 1 10573
github.com/abulo/ratel/elasticsearch/sqlparser/token.go:892.2,893.12 2 10573
github.com/abulo/ratel/elasticsearch/sqlparser/token.go:888.29,890.26 1 0
github.com/abulo/ratel/elasticsearch/sqlparser/token.go:896.30,897.54 1 64823
github.com/abulo/ratel/elasticsearch/sqlparser/token.go:906.2,906.31 1 64823
github.com/abulo/ratel/elasticsearch/sqlparser/token.go:897.54,901.81 3 7
github.com/abulo/ratel/elasticsearch/sqlparser/token.go:901.81,903.4 1 0
github.com/abulo/ratel/elasticsearch/sqlparser/token.go:906.31,907.30 1 1658
github.com/abulo/ratel/elasticsearch/sqlparser/token.go:907.30,910.4 2 901
github.com/abulo/ratel/elasticsearch/sqlparser/token.go:911.8,915.3 3 63165
github.com/abulo/ratel/elasticsearch/sqlparser/token.go:919.31,926.2 6 604
github.com/abulo/ratel/elasticsearch/sqlparser/token.go:928.31,930.2 1 56950
github.com/abulo/ratel/elasticsearch/sqlparser/token.go:932.30,934.2 1 58
github.com/abulo/ratel/elasticsearch/sqlparser/token.go:936.30,937.9 1 1853
github.com/abulo/ratel/elasticsearch/sqlparser/token.go:945.2,945.11 1 866
github.com/abulo/ratel/elasticsearch/sqlparser/token.go:938.30,939.23 1 971
github.com/abulo/ratel/elasticsearch/sqlparser/token.go:940.30,941.28 1 12
github.com/abulo/ratel/elasticsearch/sqlparser/token.go:942.30,943.28 1 4
github.com/abulo/ratel/elasticsearch/sqlparser/token.go:948.30,950.2 1 16425
